<?xml version="1.0" encoding="UTF-8"?>
<!-- Generated by org.testng.reporters.JUnitXMLReporter -->
<testsuite ignored="0" hostname="Pritis-MacBook-Pro.local" failures="0" tests="2" name="Verify num of products" time="6.399" errors="0" timestamp="2025-07-25T20:30:07 IST">
  <testcase classname="testcases.LoginPageTest" name="loginPageNavigationTest" time="0.231"/>
  <testcase classname="testcases.LoginPageTest" name="verifyNumofProducts" time="0.005"/>
</testsuite> <!-- Verify num of products -->
