<?xml version="1.0" encoding="UTF-8"?>
<!-- Generated by org.testng.reporters.JUnitReportReporter -->
<testsuite hostname="Pritis-MacBook-Pro.local" failures="0" tests="2" name="testcases.LoginPageTest" time="0.370" errors="0" timestamp="2025-07-18T23:22:29 IST" skipped="0">
  <testcase classname="testcases.LoginPageTest" name="loginPageNavigationTest" time="0.360"/>
  <system-out/>
  <testcase classname="testcases.LoginPageTest" name="verifyNumofProducts" time="0.010"/>
  <system-out/>
</testsuite> <!-- testcases.LoginPageTest -->
