<?xml version="1.0" encoding="UTF-8"?>
<!-- Generated by org.testng.reporters.JUnitReportReporter -->
<testsuite hostname="Pritis-MacBook-Pro.local" failures="0" tests="2" name="testcases.HomePageTest" time="0.026" errors="0" timestamp="2025-07-18T23:22:29 IST" skipped="0">
  <testcase classname="testcases.HomePageTest" name="homePageURL" time="0.001"/>
  <system-out/>
  <testcase classname="testcases.HomePageTest" name="homePageTitle" time="0.025"/>
  <system-out/>
</testsuite> <!-- testcases.HomePageTest -->
