<?xml version="1.0" encoding="UTF-8"?>
<!-- Generated by org.testng.reporters.JUnitXMLReporter -->
<testsuite ignored="4" hostname="Pritis-MacBook-Pro.local" failures="4" tests="4" name="Surefire test" time="5.655" errors="0" timestamp="2025-07-25T20:25:19 IST">
  <testcase classname="testcases.HomePageTest" name="homePageTitle" time="0.001">
    <failure type="java.lang.NullPointerException">
      <![CDATA[java.lang.NullPointerException
at testcases.HomePageTest.homePageTitle(HomePageTest.java:16)
at java.base/java.util.ArrayList.forEach(ArrayList.java:1541)
... Removed 32 stack frames]]>
    </failure>
  </testcase> <!-- homePageTitle -->
  <testcase classname="testcases.HomePageTest" name="homePageURL" time="0.001">
    <failure type="java.lang.NullPointerException">
      <![CDATA[java.lang.NullPointerException
at testcases.HomePageTest.homePageURL(HomePageTest.java:21)
at java.base/java.util.ArrayList.forEach(ArrayList.java:1541)
... Removed 32 stack frames]]>
    </failure>
  </testcase> <!-- homePageURL -->
  <testcase classname="testcases.LoginPageTest" name="loginPageNavigationTest" time="0.0">
    <failure type="java.lang.NullPointerException">
      <![CDATA[java.lang.NullPointerException
at testcases.LoginPageTest.loginPageNavigationTest(LoginPageTest.java:13)
at java.base/java.util.ArrayList.forEach(ArrayList.java:1541)
... Removed 32 stack frames]]>
    </failure>
  </testcase> <!-- loginPageNavigationTest -->
  <testcase classname="testcases.LoginPageTest" name="verifyNumofProducts" time="0.001">
    <failure type="java.lang.NullPointerException">
      <![CDATA[java.lang.NullPointerException
at testcases.LoginPageTest.verifyNumofProducts(LoginPageTest.java:20)
at java.base/java.util.ArrayList.forEach(ArrayList.java:1541)
... Removed 32 stack frames]]>
    </failure>
  </testcase> <!-- verifyNumofProducts -->
  <testcase classname="testcases.BaseTest" name="@AfterTest teardown" time="0.0">
    <ignored/>
  </testcase> <!-- @AfterTest teardown -->
  <testcase classname="testcases.BaseTest" name="@AfterTest teardown" time="0.0">
    <ignored/>
  </testcase> <!-- @AfterTest teardown -->
  <testcase classname="testcases.BaseTest" name="@BeforeTest setup" time="0.0">
    <ignored/>
  </testcase> <!-- @BeforeTest setup -->
  <testcase classname="testcases.BaseTest" name="@BeforeTest setup" time="0.0">
    <ignored/>
  </testcase> <!-- @BeforeTest setup -->
</testsuite> <!-- Surefire test -->
