<?xml version="1.0" encoding="UTF-8"?>
<!-- Generated by org.testng.reporters.JUnitXMLReporter -->
<testsuite ignored="4" hostname="Pritis-MacBook-Pro.local" failures="0" tests="4" name="Surefire test" time="0.028" errors="0" timestamp="2025-07-22T19:50:10 IST">
  <testcase classname="testcases.BaseTest" name="@BeforeTest setup" time="-1.753194009993E9">
    <failure type="org.testng.TestNGException" message="
Parameter &amp;apos;browser&amp;apos; is required by BeforeTest on method setup but has not been marked @Optional or defined
">
      <![CDATA[org.testng.TestNGException: 
Parameter 'browser' is required by BeforeTest on method setup but has not been marked @Optional or defined

... Removed 26 stack frames]]>
    </failure>
  </testcase> <!-- @BeforeTest setup -->
  <testcase classname="testcases.BaseTest" name="@AfterTest teardown" time="-1.753194010019E9">
    <skipped/>
  </testcase> <!-- @AfterTest teardown -->
  <testcase classname="testcases.HomePageTest" name="homePageTitle" time="0.0">
    <skipped/>
  </testcase> <!-- homePageTitle -->
  <testcase classname="testcases.HomePageTest" name="homePageURL" time="0.0">
    <skipped/>
  </testcase> <!-- homePageURL -->
  <testcase classname="testcases.LoginPageTest" name="loginPageNavigationTest" time="0.0">
    <skipped/>
  </testcase> <!-- loginPageNavigationTest -->
  <testcase classname="testcases.LoginPageTest" name="verifyNumofProducts" time="0.0">
    <skipped/>
  </testcase> <!-- verifyNumofProducts -->
  <testcase classname="testcases.BaseTest" name="@AfterTest teardown" time="0.0">
    <ignored/>
  </testcase> <!-- @AfterTest teardown -->
  <testcase classname="testcases.BaseTest" name="@AfterTest teardown" time="0.0">
    <ignored/>
  </testcase> <!-- @AfterTest teardown -->
  <testcase classname="testcases.BaseTest" name="@BeforeTest setup" time="0.0">
    <ignored/>
  </testcase> <!-- @BeforeTest setup -->
  <testcase classname="testcases.BaseTest" name="@BeforeTest setup" time="0.0">
    <ignored/>
  </testcase> <!-- @BeforeTest setup -->
</testsuite> <!-- Surefire test -->
