<?xml version="1.0" encoding="UTF-8"?>
<testng-results ignored="0" total="4" passed="4" failed="0" skipped="0">
  <reporter-output>
  </reporter-output>
  <suite started-at="2025-07-18T23:22:25 IST" name="Open Cart Regression suite" finished-at="2025-07-18T23:22:29 IST" duration-ms="3699">
    <groups>
    </groups>
    <test started-at="2025-07-18T23:22:25 IST" name="Verify num of products" finished-at="2025-07-18T23:22:29 IST" duration-ms="3699">
      <class name="testcases.LoginPageTest">
        <test-method is-config="true" signature="setup()[pri:0, instance:testcases.LoginPageTest@194fad1]" started-at="2025-07-18T23:22:25 IST" name="setup" finished-at="2025-07-18T23:22:29 IST" duration-ms="3237" status="PASS">
          <reporter-output>
          </reporter-output>
        </test-method> <!-- setup -->
        <test-method signature="loginPageNavigationTest()[pri:1, instance:testcases.LoginPageTest@194fad1]" started-at="2025-07-18T23:22:29 IST" name="loginPageNavigationTest" finished-at="2025-07-18T23:22:29 IST" duration-ms="360" status="PASS">
          <reporter-output>
          </reporter-output>
        </test-method> <!-- loginPageNavigationTest -->
        <test-method signature="verifyNumofProducts()[pri:2, instance:testcases.LoginPageTest@194fad1]" started-at="2025-07-18T23:22:29 IST" name="verifyNumofProducts" finished-at="2025-07-18T23:22:29 IST" duration-ms="10" status="PASS">
          <reporter-output>
          </reporter-output>
        </test-method> <!-- verifyNumofProducts -->
        <test-method is-config="true" signature="teardown()[pri:0, instance:testcases.LoginPageTest@194fad1]" started-at="2025-07-18T23:22:29 IST" name="teardown" finished-at="2025-07-18T23:22:29 IST" duration-ms="74" status="PASS">
          <reporter-output>
          </reporter-output>
        </test-method> <!-- teardown -->
      </class> <!-- testcases.LoginPageTest -->
    </test> <!-- Verify num of products -->
    <test started-at="2025-07-18T23:22:25 IST" name="Verify Title and login URL  " finished-at="2025-07-18T23:22:29 IST" duration-ms="3372">
      <class name="testcases.HomePageTest">
        <test-method is-config="true" signature="setup()[pri:0, instance:testcases.HomePageTest@4bdeaabb]" started-at="2025-07-18T23:22:25 IST" name="setup" finished-at="2025-07-18T23:22:29 IST" duration-ms="3230" status="PASS">
          <reporter-output>
          </reporter-output>
        </test-method> <!-- setup -->
        <test-method signature="homePageTitle()[pri:0, instance:testcases.HomePageTest@4bdeaabb]" started-at="2025-07-18T23:22:29 IST" name="homePageTitle" finished-at="2025-07-18T23:22:29 IST" duration-ms="25" status="PASS">
          <reporter-output>
          </reporter-output>
        </test-method> <!-- homePageTitle -->
        <test-method signature="homePageURL()[pri:0, instance:testcases.HomePageTest@4bdeaabb]" started-at="2025-07-18T23:22:29 IST" name="homePageURL" finished-at="2025-07-18T23:22:29 IST" duration-ms="1" status="PASS">
          <reporter-output>
          </reporter-output>
        </test-method> <!-- homePageURL -->
        <test-method is-config="true" signature="teardown()[pri:0, instance:testcases.HomePageTest@4bdeaabb]" started-at="2025-07-18T23:22:29 IST" name="teardown" finished-at="2025-07-18T23:22:29 IST" duration-ms="81" status="PASS">
          <reporter-output>
          </reporter-output>
        </test-method> <!-- teardown -->
      </class> <!-- testcases.HomePageTest -->
    </test> <!-- Verify Title and login URL   -->
  </suite> <!-- Open Cart Regression suite -->
</testng-results>
