<?xml version="1.0" encoding="UTF-8"?>
<!-- Generated by org.testng.reporters.JUnitXMLReporter -->
<testsuite ignored="0" hostname="Pritis-MacBook-Pro.local" failures="1" tests="5" name="PlayWright_Jul_2025" time="6.555" errors="0" timestamp="2025-07-15T16:13:59 IST">
  <testcase classname="testcases.HomePageTest" name="homePageTitle" time="0.004"/>
  <testcase classname="testcases.HomePageTest" name="homePageURL" time="0.0"/>
  <testcase classname="testcases.HomePageTest" name="searchItem" time="0.006"/>
  <testcase classname="testcases.HomePageTest" name="searchItem" time="0.005"/>
  <testcase classname="testcases.HomePageTest" name="searchItem" time="0.004">
    <failure type="java.lang.AssertionError" message="expected [true] but found [false]">
      <![CDATA[java.lang.AssertionError: expected [true] but found [false]
at testcases.HomePageTest.searchItem(HomePageTest.java:59)
at java.base/java.util.ArrayList.forEach(ArrayList.java:1541)
at com.intellij.rt.testng.IDEARemoteTestNG.run(IDEARemoteTestNG.java:66)
at com.intellij.rt.testng.RemoteTestNGStarter.main(RemoteTestNGStarter.java:109)
... Removed 28 stack frames]]>
    </failure>
  </testcase> <!-- searchItem -->
</testsuite> <!-- PlayWright_Jul_2025 -->
