<?xml version="1.0" encoding="UTF-8"?>
<testng-results ignored="0" total="2" passed="0" failed="0" skipped="2">
  <reporter-output>
  </reporter-output>
  <suite started-at="2025-07-19T15:53:08 IST" name="Surefire suite" finished-at="2025-07-19T15:54:25 IST" duration-ms="77291">
    <groups>
    </groups>
    <test started-at="2025-07-19T15:53:08 IST" name="Surefire test" finished-at="2025-07-19T15:54:25 IST" duration-ms="77291">
      <class name="testcases.LoginPageTest">
        <test-method is-config="true" signature="setup(java.lang.String)[pri:0, instance:testcases.LoginPageTest@6f96c77]" started-at="2025-07-19T15:53:08 IST" name="setup" finished-at="2025-07-19T15:54:25 IST" duration-ms="77260" status="FAIL">
          <params>
            <param index="0">
              <value>
                <![CDATA[chromium]]>
              </value>
            </param>
          </params>
          <exception class="com.microsoft.playwright.PlaywrightException">
            <message>
              <![CDATA[Error {
  message='WebSocket error: connect ETIMEDOUT 172.18.0.4:4444
=========================== logs ===========================
<selenium> connecting to http://localhost:4444/wd/hub/
<selenium> connected to sessionId=769741d54e883c35ba74338b23390df7
<selenium> using selenium v4
<selenium> retrieved endpoint ws://172.18.0.4:4444/session/769741d54e883c35ba74338b23390df7/se/cdp for sessionId=769741d54e883c35ba74338b23390df7
<ws connecting> ws://172.18.0.4:4444/session/769741d54e883c35ba74338b23390df7/se/cdp
<ws error> ws://172.18.0.4:4444/session/769741d54e883c35ba74338b23390df7/se/cdp error connect ETIMEDOUT 172.18.0.4:4444
<ws connect error> ws://172.18.0.4:4444/session/769741d54e883c35ba74338b23390df7/se/cdp connect ETIMEDOUT 172.18.0.4:4444
<ws disconnected> ws://172.18.0.4:4444/session/769741d54e883c35ba74338b23390df7/se/cdp code=1006 reason=
<selenium> disconnecting from sessionId=769741d54e883c35ba74338b23390df7
<selenium> disconnected from sessionId=769741d54e883c35ba74338b23390df7
============================================================
  name='Error
  stack='Error: WebSocket error: connect ETIMEDOUT 172.18.0.4:4444
=========================== logs ===========================
<selenium> connecting to http://localhost:4444/wd/hub/
<selenium> connected to sessionId=769741d54e883c35ba74338b23390df7
<selenium> using selenium v4
<selenium> retrieved endpoint ws://172.18.0.4:4444/session/769741d54e883c35ba74338b23390df7/se/cdp for sessionId=769741d54e883c35ba74338b23390df7
<ws connecting> ws://172.18.0.4:4444/session/769741d54e883c35ba74338b23390df7/se/cdp
<ws error> ws://172.18.0.4:4444/session/769741d54e883c35ba74338b23390df7/se/cdp error connect ETIMEDOUT 172.18.0.4:4444
<ws connect error> ws://172.18.0.4:4444/session/769741d54e883c35ba74338b23390df7/se/cdp connect ETIMEDOUT 172.18.0.4:4444
<ws disconnected> ws://172.18.0.4:4444/session/769741d54e883c35ba74338b23390df7/se/cdp code=1006 reason=
<selenium> disconnecting from sessionId=769741d54e883c35ba74338b23390df7
<selenium> disconnected from sessionId=769741d54e883c35ba74338b23390df7
============================================================
    at X.<anonymous> (/private/var/folders/gv/ppgr0g4x6hx2c7pcm5h47wv00000gn/T/playwright-java-11343655625906808026/package/lib/server/transport.js:43:16)
    at X.emit (node:events:525:35)
    at io (/private/var/folders/gv/ppgr0g4x6hx2c7pcm5h47wv00000gn/T/playwright-java-11343655625906808026/package/lib/utilsBundleImpl.js:37:36211)
    at ClientRequest.<anonymous> (/private/var/folders/gv/ppgr0g4x6hx2c7pcm5h47wv00000gn/T/playwright-java-11343655625906808026/package/lib/utilsBundleImpl.js:37:34667)
    at ClientRequest.emit (node:events:513:28)
    at Socket.socketErrorListener (node:_http_client:502:9)
    at Socket.emit (node:events:513:28)
    at emitErrorNT (node:internal/streams/destroy:151:8)
    at emitErrorCloseNT (node:internal/streams/destroy:116:3)
    at process.processTicksAndRejections (node:internal/process/task_queues:82:21)
}]]>
            </message>
            <full-stacktrace>
              <![CDATA[com.microsoft.playwright.PlaywrightException: Error {
  message='WebSocket error: connect ETIMEDOUT 172.18.0.4:4444
=========================== logs ===========================
<selenium> connecting to http://localhost:4444/wd/hub/
<selenium> connected to sessionId=769741d54e883c35ba74338b23390df7
<selenium> using selenium v4
<selenium> retrieved endpoint ws://172.18.0.4:4444/session/769741d54e883c35ba74338b23390df7/se/cdp for sessionId=769741d54e883c35ba74338b23390df7
<ws connecting> ws://172.18.0.4:4444/session/769741d54e883c35ba74338b23390df7/se/cdp
<ws error> ws://172.18.0.4:4444/session/769741d54e883c35ba74338b23390df7/se/cdp error connect ETIMEDOUT 172.18.0.4:4444
<ws connect error> ws://172.18.0.4:4444/session/769741d54e883c35ba74338b23390df7/se/cdp connect ETIMEDOUT 172.18.0.4:4444
<ws disconnected> ws://172.18.0.4:4444/session/769741d54e883c35ba74338b23390df7/se/cdp code=1006 reason=
<selenium> disconnecting from sessionId=769741d54e883c35ba74338b23390df7
<selenium> disconnected from sessionId=769741d54e883c35ba74338b23390df7
============================================================
  name='Error
  stack='Error: WebSocket error: connect ETIMEDOUT 172.18.0.4:4444
=========================== logs ===========================
<selenium> connecting to http://localhost:4444/wd/hub/
<selenium> connected to sessionId=769741d54e883c35ba74338b23390df7
<selenium> using selenium v4
<selenium> retrieved endpoint ws://172.18.0.4:4444/session/769741d54e883c35ba74338b23390df7/se/cdp for sessionId=769741d54e883c35ba74338b23390df7
<ws connecting> ws://172.18.0.4:4444/session/769741d54e883c35ba74338b23390df7/se/cdp
<ws error> ws://172.18.0.4:4444/session/769741d54e883c35ba74338b23390df7/se/cdp error connect ETIMEDOUT 172.18.0.4:4444
<ws connect error> ws://172.18.0.4:4444/session/769741d54e883c35ba74338b23390df7/se/cdp connect ETIMEDOUT 172.18.0.4:4444
<ws disconnected> ws://172.18.0.4:4444/session/769741d54e883c35ba74338b23390df7/se/cdp code=1006 reason=
<selenium> disconnecting from sessionId=769741d54e883c35ba74338b23390df7
<selenium> disconnected from sessionId=769741d54e883c35ba74338b23390df7
============================================================
    at X.<anonymous> (/private/var/folders/gv/ppgr0g4x6hx2c7pcm5h47wv00000gn/T/playwright-java-11343655625906808026/package/lib/server/transport.js:43:16)
    at X.emit (node:events:525:35)
    at io (/private/var/folders/gv/ppgr0g4x6hx2c7pcm5h47wv00000gn/T/playwright-java-11343655625906808026/package/lib/utilsBundleImpl.js:37:36211)
    at ClientRequest.<anonymous> (/private/var/folders/gv/ppgr0g4x6hx2c7pcm5h47wv00000gn/T/playwright-java-11343655625906808026/package/lib/utilsBundleImpl.js:37:34667)
    at ClientRequest.emit (node:events:513:28)
    at Socket.socketErrorListener (node:_http_client:502:9)
    at Socket.emit (node:events:513:28)
    at emitErrorNT (node:internal/streams/destroy:151:8)
    at emitErrorCloseNT (node:internal/streams/destroy:116:3)
    at process.processTicksAndRejections (node:internal/process/task_queues:82:21)
}
at com.microsoft.playwright.impl.WaitableResult.get(WaitableResult.java:54)
at com.microsoft.playwright.impl.ChannelOwner.runUntil(ChannelOwner.java:111)
at com.microsoft.playwright.impl.Connection.sendMessage(Connection.java:126)
at com.microsoft.playwright.impl.ChannelOwner.sendMessage(ChannelOwner.java:102)
at com.microsoft.playwright.impl.BrowserTypeImpl.launchImpl(BrowserTypeImpl.java:52)
at com.microsoft.playwright.impl.BrowserTypeImpl.lambda$launch$0(BrowserTypeImpl.java:44)
at com.microsoft.playwright.impl.LoggingSupport.withLogging(LoggingSupport.java:47)
at com.microsoft.playwright.impl.ChannelOwner.withLogging(ChannelOwner.java:87)
at com.microsoft.playwright.impl.BrowserTypeImpl.launch(BrowserTypeImpl.java:44)
at com.microsoft.playwright.impl.BrowserTypeImpl.launch(BrowserTypeImpl.java:35)
at openCart.factory.Playwrightfactory.initBrowser(Playwrightfactory.java:46)
at testcases.BaseTest.setup(BaseTest.java:31)
at java.base/jdk.internal.reflect.NativeMethodAccessorImpl.invoke0(Native Method)
at java.base/jdk.internal.reflect.NativeMethodAccessorImpl.invoke(NativeMethodAccessorImpl.java:62)
at java.base/jdk.internal.reflect.DelegatingMethodAccessorImpl.invoke(DelegatingMethodAccessorImpl.java:43)
at java.base/java.lang.reflect.Method.invoke(Method.java:566)
at org.testng.internal.MethodInvocationHelper.invokeMethod(MethodInvocationHelper.java:134)
at org.testng.internal.MethodInvocationHelper.invokeMethodConsideringTimeout(MethodInvocationHelper.java:63)
at org.testng.internal.ConfigInvoker.invokeConfigurationMethod(ConfigInvoker.java:348)
at org.testng.internal.ConfigInvoker.invokeConfigurations(ConfigInvoker.java:302)
at org.testng.TestRunner.invokeTestConfigurations(TestRunner.java:619)
at org.testng.TestRunner.beforeRun(TestRunner.java:609)
at org.testng.TestRunner.run(TestRunner.java:580)
at org.testng.SuiteRunner.runTest(SuiteRunner.java:384)
at org.testng.SuiteRunner.runSequentially(SuiteRunner.java:378)
at org.testng.SuiteRunner.privateRun(SuiteRunner.java:337)
at org.testng.SuiteRunner.run(SuiteRunner.java:286)
at org.testng.SuiteRunnerWorker.runSuite(SuiteRunnerWorker.java:53)
at org.testng.SuiteRunnerWorker.run(SuiteRunnerWorker.java:96)
at org.testng.TestNG.runSuitesSequentially(TestNG.java:1187)
at org.testng.TestNG.runSuitesLocally(TestNG.java:1109)
at org.testng.TestNG.runSuites(TestNG.java:1039)
at org.testng.TestNG.run(TestNG.java:1007)
at org.apache.maven.surefire.testng.TestNGExecutor.run(TestNGExecutor.java:135)
at org.apache.maven.surefire.testng.TestNGDirectoryTestSuite.executeSingleClass(TestNGDirectoryTestSuite.java:112)
at org.apache.maven.surefire.testng.TestNGDirectoryTestSuite.execute(TestNGDirectoryTestSuite.java:99)
at org.apache.maven.surefire.testng.TestNGProvider.invoke(TestNGProvider.java:146)
at org.apache.maven.surefire.booter.ForkedBooter.invokeProviderInSameClassLoader(ForkedBooter.java:384)
at org.apache.maven.surefire.booter.ForkedBooter.runSuitesInProcess(ForkedBooter.java:345)
at org.apache.maven.surefire.booter.ForkedBooter.execute(ForkedBooter.java:126)
at org.apache.maven.surefire.booter.ForkedBooter.main(ForkedBooter.java:418)
Caused by: com.microsoft.playwright.impl.DriverException: Error {
  message='WebSocket error: connect ETIMEDOUT 172.18.0.4:4444
=========================== logs ===========================
<selenium> connecting to http://localhost:4444/wd/hub/
<selenium> connected to sessionId=769741d54e883c35ba74338b23390df7
<selenium> using selenium v4
<selenium> retrieved endpoint ws://172.18.0.4:4444/session/769741d54e883c35ba74338b23390df7/se/cdp for sessionId=769741d54e883c35ba74338b23390df7
<ws connecting> ws://172.18.0.4:4444/session/769741d54e883c35ba74338b23390df7/se/cdp
<ws error> ws://172.18.0.4:4444/session/769741d54e883c35ba74338b23390df7/se/cdp error connect ETIMEDOUT 172.18.0.4:4444
<ws connect error> ws://172.18.0.4:4444/session/769741d54e883c35ba74338b23390df7/se/cdp connect ETIMEDOUT 172.18.0.4:4444
<ws disconnected> ws://172.18.0.4:4444/session/769741d54e883c35ba74338b23390df7/se/cdp code=1006 reason=
<selenium> disconnecting from sessionId=769741d54e883c35ba74338b23390df7
<selenium> disconnected from sessionId=769741d54e883c35ba74338b23390df7
============================================================
  name='Error
  stack='Error: WebSocket error: connect ETIMEDOUT 172.18.0.4:4444
=========================== logs ===========================
<selenium> connecting to http://localhost:4444/wd/hub/
<selenium> connected to sessionId=769741d54e883c35ba74338b23390df7
<selenium> using selenium v4
<selenium> retrieved endpoint ws://172.18.0.4:4444/session/769741d54e883c35ba74338b23390df7/se/cdp for sessionId=769741d54e883c35ba74338b23390df7
<ws connecting> ws://172.18.0.4:4444/session/769741d54e883c35ba74338b23390df7/se/cdp
<ws error> ws://172.18.0.4:4444/session/769741d54e883c35ba74338b23390df7/se/cdp error connect ETIMEDOUT 172.18.0.4:4444
<ws connect error> ws://172.18.0.4:4444/session/769741d54e883c35ba74338b23390df7/se/cdp connect ETIMEDOUT 172.18.0.4:4444
<ws disconnected> ws://172.18.0.4:4444/session/769741d54e883c35ba74338b23390df7/se/cdp code=1006 reason=
<selenium> disconnecting from sessionId=769741d54e883c35ba74338b23390df7
<selenium> disconnected from sessionId=769741d54e883c35ba74338b23390df7
============================================================
    at X.<anonymous> (/private/var/folders/gv/ppgr0g4x6hx2c7pcm5h47wv00000gn/T/playwright-java-11343655625906808026/package/lib/server/transport.js:43:16)
    at X.emit (node:events:525:35)
    at io (/private/var/folders/gv/ppgr0g4x6hx2c7pcm5h47wv00000gn/T/playwright-java-11343655625906808026/package/lib/utilsBundleImpl.js:37:36211)
    at ClientRequest.<anonymous> (/private/var/folders/gv/ppgr0g4x6hx2c7pcm5h47wv00000gn/T/playwright-java-11343655625906808026/package/lib/utilsBundleImpl.js:37:34667)
    at ClientRequest.emit (node:events:513:28)
    at Socket.socketErrorListener (node:_http_client:502:9)
    at Socket.emit (node:events:513:28)
    at emitErrorNT (node:internal/streams/destroy:151:8)
    at emitErrorCloseNT (node:internal/streams/destroy:116:3)
    at process.processTicksAndRejections (node:internal/process/task_queues:82:21)
}
at com.microsoft.playwright.impl.Connection.dispatch(Connection.java:226)
at com.microsoft.playwright.impl.Connection.processOneMessage(Connection.java:206)
at com.microsoft.playwright.impl.ChannelOwner.runUntil(ChannelOwner.java:109)
... 39 more
]]>
            </full-stacktrace>
          </exception> <!-- com.microsoft.playwright.PlaywrightException -->
          <reporter-output>
          </reporter-output>
        </test-method> <!-- setup -->
        <test-method signature="loginPageNavigationTest()[pri:1, instance:testcases.LoginPageTest@6f96c77]" started-at="2025-07-19T15:54:25 IST" name="loginPageNavigationTest" finished-at="2025-07-19T15:54:25 IST" duration-ms="0" status="SKIP">
          <exception class="com.microsoft.playwright.PlaywrightException">
            <message>
              <![CDATA[Error {
  message='WebSocket error: connect ETIMEDOUT 172.18.0.4:4444
=========================== logs ===========================
<selenium> connecting to http://localhost:4444/wd/hub/
<selenium> connected to sessionId=769741d54e883c35ba74338b23390df7
<selenium> using selenium v4
<selenium> retrieved endpoint ws://172.18.0.4:4444/session/769741d54e883c35ba74338b23390df7/se/cdp for sessionId=769741d54e883c35ba74338b23390df7
<ws connecting> ws://172.18.0.4:4444/session/769741d54e883c35ba74338b23390df7/se/cdp
<ws error> ws://172.18.0.4:4444/session/769741d54e883c35ba74338b23390df7/se/cdp error connect ETIMEDOUT 172.18.0.4:4444
<ws connect error> ws://172.18.0.4:4444/session/769741d54e883c35ba74338b23390df7/se/cdp connect ETIMEDOUT 172.18.0.4:4444
<ws disconnected> ws://172.18.0.4:4444/session/769741d54e883c35ba74338b23390df7/se/cdp code=1006 reason=
<selenium> disconnecting from sessionId=769741d54e883c35ba74338b23390df7
<selenium> disconnected from sessionId=769741d54e883c35ba74338b23390df7
============================================================
  name='Error
  stack='Error: WebSocket error: connect ETIMEDOUT 172.18.0.4:4444
=========================== logs ===========================
<selenium> connecting to http://localhost:4444/wd/hub/
<selenium> connected to sessionId=769741d54e883c35ba74338b23390df7
<selenium> using selenium v4
<selenium> retrieved endpoint ws://172.18.0.4:4444/session/769741d54e883c35ba74338b23390df7/se/cdp for sessionId=769741d54e883c35ba74338b23390df7
<ws connecting> ws://172.18.0.4:4444/session/769741d54e883c35ba74338b23390df7/se/cdp
<ws error> ws://172.18.0.4:4444/session/769741d54e883c35ba74338b23390df7/se/cdp error connect ETIMEDOUT 172.18.0.4:4444
<ws connect error> ws://172.18.0.4:4444/session/769741d54e883c35ba74338b23390df7/se/cdp connect ETIMEDOUT 172.18.0.4:4444
<ws disconnected> ws://172.18.0.4:4444/session/769741d54e883c35ba74338b23390df7/se/cdp code=1006 reason=
<selenium> disconnecting from sessionId=769741d54e883c35ba74338b23390df7
<selenium> disconnected from sessionId=769741d54e883c35ba74338b23390df7
============================================================
    at X.<anonymous> (/private/var/folders/gv/ppgr0g4x6hx2c7pcm5h47wv00000gn/T/playwright-java-11343655625906808026/package/lib/server/transport.js:43:16)
    at X.emit (node:events:525:35)
    at io (/private/var/folders/gv/ppgr0g4x6hx2c7pcm5h47wv00000gn/T/playwright-java-11343655625906808026/package/lib/utilsBundleImpl.js:37:36211)
    at ClientRequest.<anonymous> (/private/var/folders/gv/ppgr0g4x6hx2c7pcm5h47wv00000gn/T/playwright-java-11343655625906808026/package/lib/utilsBundleImpl.js:37:34667)
    at ClientRequest.emit (node:events:513:28)
    at Socket.socketErrorListener (node:_http_client:502:9)
    at Socket.emit (node:events:513:28)
    at emitErrorNT (node:internal/streams/destroy:151:8)
    at emitErrorCloseNT (node:internal/streams/destroy:116:3)
    at process.processTicksAndRejections (node:internal/process/task_queues:82:21)
}]]>
            </message>
            <full-stacktrace>
              <![CDATA[com.microsoft.playwright.PlaywrightException: Error {
  message='WebSocket error: connect ETIMEDOUT 172.18.0.4:4444
=========================== logs ===========================
<selenium> connecting to http://localhost:4444/wd/hub/
<selenium> connected to sessionId=769741d54e883c35ba74338b23390df7
<selenium> using selenium v4
<selenium> retrieved endpoint ws://172.18.0.4:4444/session/769741d54e883c35ba74338b23390df7/se/cdp for sessionId=769741d54e883c35ba74338b23390df7
<ws connecting> ws://172.18.0.4:4444/session/769741d54e883c35ba74338b23390df7/se/cdp
<ws error> ws://172.18.0.4:4444/session/769741d54e883c35ba74338b23390df7/se/cdp error connect ETIMEDOUT 172.18.0.4:4444
<ws connect error> ws://172.18.0.4:4444/session/769741d54e883c35ba74338b23390df7/se/cdp connect ETIMEDOUT 172.18.0.4:4444
<ws disconnected> ws://172.18.0.4:4444/session/769741d54e883c35ba74338b23390df7/se/cdp code=1006 reason=
<selenium> disconnecting from sessionId=769741d54e883c35ba74338b23390df7
<selenium> disconnected from sessionId=769741d54e883c35ba74338b23390df7
============================================================
  name='Error
  stack='Error: WebSocket error: connect ETIMEDOUT 172.18.0.4:4444
=========================== logs ===========================
<selenium> connecting to http://localhost:4444/wd/hub/
<selenium> connected to sessionId=769741d54e883c35ba74338b23390df7
<selenium> using selenium v4
<selenium> retrieved endpoint ws://172.18.0.4:4444/session/769741d54e883c35ba74338b23390df7/se/cdp for sessionId=769741d54e883c35ba74338b23390df7
<ws connecting> ws://172.18.0.4:4444/session/769741d54e883c35ba74338b23390df7/se/cdp
<ws error> ws://172.18.0.4:4444/session/769741d54e883c35ba74338b23390df7/se/cdp error connect ETIMEDOUT 172.18.0.4:4444
<ws connect error> ws://172.18.0.4:4444/session/769741d54e883c35ba74338b23390df7/se/cdp connect ETIMEDOUT 172.18.0.4:4444
<ws disconnected> ws://172.18.0.4:4444/session/769741d54e883c35ba74338b23390df7/se/cdp code=1006 reason=
<selenium> disconnecting from sessionId=769741d54e883c35ba74338b23390df7
<selenium> disconnected from sessionId=769741d54e883c35ba74338b23390df7
============================================================
    at X.<anonymous> (/private/var/folders/gv/ppgr0g4x6hx2c7pcm5h47wv00000gn/T/playwright-java-11343655625906808026/package/lib/server/transport.js:43:16)
    at X.emit (node:events:525:35)
    at io (/private/var/folders/gv/ppgr0g4x6hx2c7pcm5h47wv00000gn/T/playwright-java-11343655625906808026/package/lib/utilsBundleImpl.js:37:36211)
    at ClientRequest.<anonymous> (/private/var/folders/gv/ppgr0g4x6hx2c7pcm5h47wv00000gn/T/playwright-java-11343655625906808026/package/lib/utilsBundleImpl.js:37:34667)
    at ClientRequest.emit (node:events:513:28)
    at Socket.socketErrorListener (node:_http_client:502:9)
    at Socket.emit (node:events:513:28)
    at emitErrorNT (node:internal/streams/destroy:151:8)
    at emitErrorCloseNT (node:internal/streams/destroy:116:3)
    at process.processTicksAndRejections (node:internal/process/task_queues:82:21)
}
at com.microsoft.playwright.impl.WaitableResult.get(WaitableResult.java:54)
at com.microsoft.playwright.impl.ChannelOwner.runUntil(ChannelOwner.java:111)
at com.microsoft.playwright.impl.Connection.sendMessage(Connection.java:126)
at com.microsoft.playwright.impl.ChannelOwner.sendMessage(ChannelOwner.java:102)
at com.microsoft.playwright.impl.BrowserTypeImpl.launchImpl(BrowserTypeImpl.java:52)
at com.microsoft.playwright.impl.BrowserTypeImpl.lambda$launch$0(BrowserTypeImpl.java:44)
at com.microsoft.playwright.impl.LoggingSupport.withLogging(LoggingSupport.java:47)
at com.microsoft.playwright.impl.ChannelOwner.withLogging(ChannelOwner.java:87)
at com.microsoft.playwright.impl.BrowserTypeImpl.launch(BrowserTypeImpl.java:44)
at com.microsoft.playwright.impl.BrowserTypeImpl.launch(BrowserTypeImpl.java:35)
at openCart.factory.Playwrightfactory.initBrowser(Playwrightfactory.java:46)
at testcases.BaseTest.setup(BaseTest.java:31)
at java.base/jdk.internal.reflect.NativeMethodAccessorImpl.invoke0(Native Method)
at java.base/jdk.internal.reflect.NativeMethodAccessorImpl.invoke(NativeMethodAccessorImpl.java:62)
at java.base/jdk.internal.reflect.DelegatingMethodAccessorImpl.invoke(DelegatingMethodAccessorImpl.java:43)
at java.base/java.lang.reflect.Method.invoke(Method.java:566)
at org.testng.internal.MethodInvocationHelper.invokeMethod(MethodInvocationHelper.java:134)
at org.testng.internal.MethodInvocationHelper.invokeMethodConsideringTimeout(MethodInvocationHelper.java:63)
at org.testng.internal.ConfigInvoker.invokeConfigurationMethod(ConfigInvoker.java:348)
at org.testng.internal.ConfigInvoker.invokeConfigurations(ConfigInvoker.java:302)
at org.testng.TestRunner.invokeTestConfigurations(TestRunner.java:619)
at org.testng.TestRunner.beforeRun(TestRunner.java:609)
at org.testng.TestRunner.run(TestRunner.java:580)
at org.testng.SuiteRunner.runTest(SuiteRunner.java:384)
at org.testng.SuiteRunner.runSequentially(SuiteRunner.java:378)
at org.testng.SuiteRunner.privateRun(SuiteRunner.java:337)
at org.testng.SuiteRunner.run(SuiteRunner.java:286)
at org.testng.SuiteRunnerWorker.runSuite(SuiteRunnerWorker.java:53)
at org.testng.SuiteRunnerWorker.run(SuiteRunnerWorker.java:96)
at org.testng.TestNG.runSuitesSequentially(TestNG.java:1187)
at org.testng.TestNG.runSuitesLocally(TestNG.java:1109)
at org.testng.TestNG.runSuites(TestNG.java:1039)
at org.testng.TestNG.run(TestNG.java:1007)
at org.apache.maven.surefire.testng.TestNGExecutor.run(TestNGExecutor.java:135)
at org.apache.maven.surefire.testng.TestNGDirectoryTestSuite.executeSingleClass(TestNGDirectoryTestSuite.java:112)
at org.apache.maven.surefire.testng.TestNGDirectoryTestSuite.execute(TestNGDirectoryTestSuite.java:99)
at org.apache.maven.surefire.testng.TestNGProvider.invoke(TestNGProvider.java:146)
at org.apache.maven.surefire.booter.ForkedBooter.invokeProviderInSameClassLoader(ForkedBooter.java:384)
at org.apache.maven.surefire.booter.ForkedBooter.runSuitesInProcess(ForkedBooter.java:345)
at org.apache.maven.surefire.booter.ForkedBooter.execute(ForkedBooter.java:126)
at org.apache.maven.surefire.booter.ForkedBooter.main(ForkedBooter.java:418)
Caused by: com.microsoft.playwright.impl.DriverException: Error {
  message='WebSocket error: connect ETIMEDOUT 172.18.0.4:4444
=========================== logs ===========================
<selenium> connecting to http://localhost:4444/wd/hub/
<selenium> connected to sessionId=769741d54e883c35ba74338b23390df7
<selenium> using selenium v4
<selenium> retrieved endpoint ws://172.18.0.4:4444/session/769741d54e883c35ba74338b23390df7/se/cdp for sessionId=769741d54e883c35ba74338b23390df7
<ws connecting> ws://172.18.0.4:4444/session/769741d54e883c35ba74338b23390df7/se/cdp
<ws error> ws://172.18.0.4:4444/session/769741d54e883c35ba74338b23390df7/se/cdp error connect ETIMEDOUT 172.18.0.4:4444
<ws connect error> ws://172.18.0.4:4444/session/769741d54e883c35ba74338b23390df7/se/cdp connect ETIMEDOUT 172.18.0.4:4444
<ws disconnected> ws://172.18.0.4:4444/session/769741d54e883c35ba74338b23390df7/se/cdp code=1006 reason=
<selenium> disconnecting from sessionId=769741d54e883c35ba74338b23390df7
<selenium> disconnected from sessionId=769741d54e883c35ba74338b23390df7
============================================================
  name='Error
  stack='Error: WebSocket error: connect ETIMEDOUT 172.18.0.4:4444
=========================== logs ===========================
<selenium> connecting to http://localhost:4444/wd/hub/
<selenium> connected to sessionId=769741d54e883c35ba74338b23390df7
<selenium> using selenium v4
<selenium> retrieved endpoint ws://172.18.0.4:4444/session/769741d54e883c35ba74338b23390df7/se/cdp for sessionId=769741d54e883c35ba74338b23390df7
<ws connecting> ws://172.18.0.4:4444/session/769741d54e883c35ba74338b23390df7/se/cdp
<ws error> ws://172.18.0.4:4444/session/769741d54e883c35ba74338b23390df7/se/cdp error connect ETIMEDOUT 172.18.0.4:4444
<ws connect error> ws://172.18.0.4:4444/session/769741d54e883c35ba74338b23390df7/se/cdp connect ETIMEDOUT 172.18.0.4:4444
<ws disconnected> ws://172.18.0.4:4444/session/769741d54e883c35ba74338b23390df7/se/cdp code=1006 reason=
<selenium> disconnecting from sessionId=769741d54e883c35ba74338b23390df7
<selenium> disconnected from sessionId=769741d54e883c35ba74338b23390df7
============================================================
    at X.<anonymous> (/private/var/folders/gv/ppgr0g4x6hx2c7pcm5h47wv00000gn/T/playwright-java-11343655625906808026/package/lib/server/transport.js:43:16)
    at X.emit (node:events:525:35)
    at io (/private/var/folders/gv/ppgr0g4x6hx2c7pcm5h47wv00000gn/T/playwright-java-11343655625906808026/package/lib/utilsBundleImpl.js:37:36211)
    at ClientRequest.<anonymous> (/private/var/folders/gv/ppgr0g4x6hx2c7pcm5h47wv00000gn/T/playwright-java-11343655625906808026/package/lib/utilsBundleImpl.js:37:34667)
    at ClientRequest.emit (node:events:513:28)
    at Socket.socketErrorListener (node:_http_client:502:9)
    at Socket.emit (node:events:513:28)
    at emitErrorNT (node:internal/streams/destroy:151:8)
    at emitErrorCloseNT (node:internal/streams/destroy:116:3)
    at process.processTicksAndRejections (node:internal/process/task_queues:82:21)
}
at com.microsoft.playwright.impl.Connection.dispatch(Connection.java:226)
at com.microsoft.playwright.impl.Connection.processOneMessage(Connection.java:206)
at com.microsoft.playwright.impl.ChannelOwner.runUntil(ChannelOwner.java:109)
... 39 more
]]>
            </full-stacktrace>
          </exception> <!-- com.microsoft.playwright.PlaywrightException -->
          <reporter-output>
          </reporter-output>
        </test-method> <!-- loginPageNavigationTest -->
        <test-method signature="verifyNumofProducts()[pri:2, instance:testcases.LoginPageTest@6f96c77]" started-at="2025-07-19T15:54:25 IST" name="verifyNumofProducts" finished-at="2025-07-19T15:54:25 IST" duration-ms="0" status="SKIP">
          <exception class="com.microsoft.playwright.PlaywrightException">
            <message>
              <![CDATA[Error {
  message='WebSocket error: connect ETIMEDOUT 172.18.0.4:4444
=========================== logs ===========================
<selenium> connecting to http://localhost:4444/wd/hub/
<selenium> connected to sessionId=769741d54e883c35ba74338b23390df7
<selenium> using selenium v4
<selenium> retrieved endpoint ws://172.18.0.4:4444/session/769741d54e883c35ba74338b23390df7/se/cdp for sessionId=769741d54e883c35ba74338b23390df7
<ws connecting> ws://172.18.0.4:4444/session/769741d54e883c35ba74338b23390df7/se/cdp
<ws error> ws://172.18.0.4:4444/session/769741d54e883c35ba74338b23390df7/se/cdp error connect ETIMEDOUT 172.18.0.4:4444
<ws connect error> ws://172.18.0.4:4444/session/769741d54e883c35ba74338b23390df7/se/cdp connect ETIMEDOUT 172.18.0.4:4444
<ws disconnected> ws://172.18.0.4:4444/session/769741d54e883c35ba74338b23390df7/se/cdp code=1006 reason=
<selenium> disconnecting from sessionId=769741d54e883c35ba74338b23390df7
<selenium> disconnected from sessionId=769741d54e883c35ba74338b23390df7
============================================================
  name='Error
  stack='Error: WebSocket error: connect ETIMEDOUT 172.18.0.4:4444
=========================== logs ===========================
<selenium> connecting to http://localhost:4444/wd/hub/
<selenium> connected to sessionId=769741d54e883c35ba74338b23390df7
<selenium> using selenium v4
<selenium> retrieved endpoint ws://172.18.0.4:4444/session/769741d54e883c35ba74338b23390df7/se/cdp for sessionId=769741d54e883c35ba74338b23390df7
<ws connecting> ws://172.18.0.4:4444/session/769741d54e883c35ba74338b23390df7/se/cdp
<ws error> ws://172.18.0.4:4444/session/769741d54e883c35ba74338b23390df7/se/cdp error connect ETIMEDOUT 172.18.0.4:4444
<ws connect error> ws://172.18.0.4:4444/session/769741d54e883c35ba74338b23390df7/se/cdp connect ETIMEDOUT 172.18.0.4:4444
<ws disconnected> ws://172.18.0.4:4444/session/769741d54e883c35ba74338b23390df7/se/cdp code=1006 reason=
<selenium> disconnecting from sessionId=769741d54e883c35ba74338b23390df7
<selenium> disconnected from sessionId=769741d54e883c35ba74338b23390df7
============================================================
    at X.<anonymous> (/private/var/folders/gv/ppgr0g4x6hx2c7pcm5h47wv00000gn/T/playwright-java-11343655625906808026/package/lib/server/transport.js:43:16)
    at X.emit (node:events:525:35)
    at io (/private/var/folders/gv/ppgr0g4x6hx2c7pcm5h47wv00000gn/T/playwright-java-11343655625906808026/package/lib/utilsBundleImpl.js:37:36211)
    at ClientRequest.<anonymous> (/private/var/folders/gv/ppgr0g4x6hx2c7pcm5h47wv00000gn/T/playwright-java-11343655625906808026/package/lib/utilsBundleImpl.js:37:34667)
    at ClientRequest.emit (node:events:513:28)
    at Socket.socketErrorListener (node:_http_client:502:9)
    at Socket.emit (node:events:513:28)
    at emitErrorNT (node:internal/streams/destroy:151:8)
    at emitErrorCloseNT (node:internal/streams/destroy:116:3)
    at process.processTicksAndRejections (node:internal/process/task_queues:82:21)
}]]>
            </message>
            <full-stacktrace>
              <![CDATA[com.microsoft.playwright.PlaywrightException: Error {
  message='WebSocket error: connect ETIMEDOUT 172.18.0.4:4444
=========================== logs ===========================
<selenium> connecting to http://localhost:4444/wd/hub/
<selenium> connected to sessionId=769741d54e883c35ba74338b23390df7
<selenium> using selenium v4
<selenium> retrieved endpoint ws://172.18.0.4:4444/session/769741d54e883c35ba74338b23390df7/se/cdp for sessionId=769741d54e883c35ba74338b23390df7
<ws connecting> ws://172.18.0.4:4444/session/769741d54e883c35ba74338b23390df7/se/cdp
<ws error> ws://172.18.0.4:4444/session/769741d54e883c35ba74338b23390df7/se/cdp error connect ETIMEDOUT 172.18.0.4:4444
<ws connect error> ws://172.18.0.4:4444/session/769741d54e883c35ba74338b23390df7/se/cdp connect ETIMEDOUT 172.18.0.4:4444
<ws disconnected> ws://172.18.0.4:4444/session/769741d54e883c35ba74338b23390df7/se/cdp code=1006 reason=
<selenium> disconnecting from sessionId=769741d54e883c35ba74338b23390df7
<selenium> disconnected from sessionId=769741d54e883c35ba74338b23390df7
============================================================
  name='Error
  stack='Error: WebSocket error: connect ETIMEDOUT 172.18.0.4:4444
=========================== logs ===========================
<selenium> connecting to http://localhost:4444/wd/hub/
<selenium> connected to sessionId=769741d54e883c35ba74338b23390df7
<selenium> using selenium v4
<selenium> retrieved endpoint ws://172.18.0.4:4444/session/769741d54e883c35ba74338b23390df7/se/cdp for sessionId=769741d54e883c35ba74338b23390df7
<ws connecting> ws://172.18.0.4:4444/session/769741d54e883c35ba74338b23390df7/se/cdp
<ws error> ws://172.18.0.4:4444/session/769741d54e883c35ba74338b23390df7/se/cdp error connect ETIMEDOUT 172.18.0.4:4444
<ws connect error> ws://172.18.0.4:4444/session/769741d54e883c35ba74338b23390df7/se/cdp connect ETIMEDOUT 172.18.0.4:4444
<ws disconnected> ws://172.18.0.4:4444/session/769741d54e883c35ba74338b23390df7/se/cdp code=1006 reason=
<selenium> disconnecting from sessionId=769741d54e883c35ba74338b23390df7
<selenium> disconnected from sessionId=769741d54e883c35ba74338b23390df7
============================================================
    at X.<anonymous> (/private/var/folders/gv/ppgr0g4x6hx2c7pcm5h47wv00000gn/T/playwright-java-11343655625906808026/package/lib/server/transport.js:43:16)
    at X.emit (node:events:525:35)
    at io (/private/var/folders/gv/ppgr0g4x6hx2c7pcm5h47wv00000gn/T/playwright-java-11343655625906808026/package/lib/utilsBundleImpl.js:37:36211)
    at ClientRequest.<anonymous> (/private/var/folders/gv/ppgr0g4x6hx2c7pcm5h47wv00000gn/T/playwright-java-11343655625906808026/package/lib/utilsBundleImpl.js:37:34667)
    at ClientRequest.emit (node:events:513:28)
    at Socket.socketErrorListener (node:_http_client:502:9)
    at Socket.emit (node:events:513:28)
    at emitErrorNT (node:internal/streams/destroy:151:8)
    at emitErrorCloseNT (node:internal/streams/destroy:116:3)
    at process.processTicksAndRejections (node:internal/process/task_queues:82:21)
}
at com.microsoft.playwright.impl.WaitableResult.get(WaitableResult.java:54)
at com.microsoft.playwright.impl.ChannelOwner.runUntil(ChannelOwner.java:111)
at com.microsoft.playwright.impl.Connection.sendMessage(Connection.java:126)
at com.microsoft.playwright.impl.ChannelOwner.sendMessage(ChannelOwner.java:102)
at com.microsoft.playwright.impl.BrowserTypeImpl.launchImpl(BrowserTypeImpl.java:52)
at com.microsoft.playwright.impl.BrowserTypeImpl.lambda$launch$0(BrowserTypeImpl.java:44)
at com.microsoft.playwright.impl.LoggingSupport.withLogging(LoggingSupport.java:47)
at com.microsoft.playwright.impl.ChannelOwner.withLogging(ChannelOwner.java:87)
at com.microsoft.playwright.impl.BrowserTypeImpl.launch(BrowserTypeImpl.java:44)
at com.microsoft.playwright.impl.BrowserTypeImpl.launch(BrowserTypeImpl.java:35)
at openCart.factory.Playwrightfactory.initBrowser(Playwrightfactory.java:46)
at testcases.BaseTest.setup(BaseTest.java:31)
at java.base/jdk.internal.reflect.NativeMethodAccessorImpl.invoke0(Native Method)
at java.base/jdk.internal.reflect.NativeMethodAccessorImpl.invoke(NativeMethodAccessorImpl.java:62)
at java.base/jdk.internal.reflect.DelegatingMethodAccessorImpl.invoke(DelegatingMethodAccessorImpl.java:43)
at java.base/java.lang.reflect.Method.invoke(Method.java:566)
at org.testng.internal.MethodInvocationHelper.invokeMethod(MethodInvocationHelper.java:134)
at org.testng.internal.MethodInvocationHelper.invokeMethodConsideringTimeout(MethodInvocationHelper.java:63)
at org.testng.internal.ConfigInvoker.invokeConfigurationMethod(ConfigInvoker.java:348)
at org.testng.internal.ConfigInvoker.invokeConfigurations(ConfigInvoker.java:302)
at org.testng.TestRunner.invokeTestConfigurations(TestRunner.java:619)
at org.testng.TestRunner.beforeRun(TestRunner.java:609)
at org.testng.TestRunner.run(TestRunner.java:580)
at org.testng.SuiteRunner.runTest(SuiteRunner.java:384)
at org.testng.SuiteRunner.runSequentially(SuiteRunner.java:378)
at org.testng.SuiteRunner.privateRun(SuiteRunner.java:337)
at org.testng.SuiteRunner.run(SuiteRunner.java:286)
at org.testng.SuiteRunnerWorker.runSuite(SuiteRunnerWorker.java:53)
at org.testng.SuiteRunnerWorker.run(SuiteRunnerWorker.java:96)
at org.testng.TestNG.runSuitesSequentially(TestNG.java:1187)
at org.testng.TestNG.runSuitesLocally(TestNG.java:1109)
at org.testng.TestNG.runSuites(TestNG.java:1039)
at org.testng.TestNG.run(TestNG.java:1007)
at org.apache.maven.surefire.testng.TestNGExecutor.run(TestNGExecutor.java:135)
at org.apache.maven.surefire.testng.TestNGDirectoryTestSuite.executeSingleClass(TestNGDirectoryTestSuite.java:112)
at org.apache.maven.surefire.testng.TestNGDirectoryTestSuite.execute(TestNGDirectoryTestSuite.java:99)
at org.apache.maven.surefire.testng.TestNGProvider.invoke(TestNGProvider.java:146)
at org.apache.maven.surefire.booter.ForkedBooter.invokeProviderInSameClassLoader(ForkedBooter.java:384)
at org.apache.maven.surefire.booter.ForkedBooter.runSuitesInProcess(ForkedBooter.java:345)
at org.apache.maven.surefire.booter.ForkedBooter.execute(ForkedBooter.java:126)
at org.apache.maven.surefire.booter.ForkedBooter.main(ForkedBooter.java:418)
Caused by: com.microsoft.playwright.impl.DriverException: Error {
  message='WebSocket error: connect ETIMEDOUT 172.18.0.4:4444
=========================== logs ===========================
<selenium> connecting to http://localhost:4444/wd/hub/
<selenium> connected to sessionId=769741d54e883c35ba74338b23390df7
<selenium> using selenium v4
<selenium> retrieved endpoint ws://172.18.0.4:4444/session/769741d54e883c35ba74338b23390df7/se/cdp for sessionId=769741d54e883c35ba74338b23390df7
<ws connecting> ws://172.18.0.4:4444/session/769741d54e883c35ba74338b23390df7/se/cdp
<ws error> ws://172.18.0.4:4444/session/769741d54e883c35ba74338b23390df7/se/cdp error connect ETIMEDOUT 172.18.0.4:4444
<ws connect error> ws://172.18.0.4:4444/session/769741d54e883c35ba74338b23390df7/se/cdp connect ETIMEDOUT 172.18.0.4:4444
<ws disconnected> ws://172.18.0.4:4444/session/769741d54e883c35ba74338b23390df7/se/cdp code=1006 reason=
<selenium> disconnecting from sessionId=769741d54e883c35ba74338b23390df7
<selenium> disconnected from sessionId=769741d54e883c35ba74338b23390df7
============================================================
  name='Error
  stack='Error: WebSocket error: connect ETIMEDOUT 172.18.0.4:4444
=========================== logs ===========================
<selenium> connecting to http://localhost:4444/wd/hub/
<selenium> connected to sessionId=769741d54e883c35ba74338b23390df7
<selenium> using selenium v4
<selenium> retrieved endpoint ws://172.18.0.4:4444/session/769741d54e883c35ba74338b23390df7/se/cdp for sessionId=769741d54e883c35ba74338b23390df7
<ws connecting> ws://172.18.0.4:4444/session/769741d54e883c35ba74338b23390df7/se/cdp
<ws error> ws://172.18.0.4:4444/session/769741d54e883c35ba74338b23390df7/se/cdp error connect ETIMEDOUT 172.18.0.4:4444
<ws connect error> ws://172.18.0.4:4444/session/769741d54e883c35ba74338b23390df7/se/cdp connect ETIMEDOUT 172.18.0.4:4444
<ws disconnected> ws://172.18.0.4:4444/session/769741d54e883c35ba74338b23390df7/se/cdp code=1006 reason=
<selenium> disconnecting from sessionId=769741d54e883c35ba74338b23390df7
<selenium> disconnected from sessionId=769741d54e883c35ba74338b23390df7
============================================================
    at X.<anonymous> (/private/var/folders/gv/ppgr0g4x6hx2c7pcm5h47wv00000gn/T/playwright-java-11343655625906808026/package/lib/server/transport.js:43:16)
    at X.emit (node:events:525:35)
    at io (/private/var/folders/gv/ppgr0g4x6hx2c7pcm5h47wv00000gn/T/playwright-java-11343655625906808026/package/lib/utilsBundleImpl.js:37:36211)
    at ClientRequest.<anonymous> (/private/var/folders/gv/ppgr0g4x6hx2c7pcm5h47wv00000gn/T/playwright-java-11343655625906808026/package/lib/utilsBundleImpl.js:37:34667)
    at ClientRequest.emit (node:events:513:28)
    at Socket.socketErrorListener (node:_http_client:502:9)
    at Socket.emit (node:events:513:28)
    at emitErrorNT (node:internal/streams/destroy:151:8)
    at emitErrorCloseNT (node:internal/streams/destroy:116:3)
    at process.processTicksAndRejections (node:internal/process/task_queues:82:21)
}
at com.microsoft.playwright.impl.Connection.dispatch(Connection.java:226)
at com.microsoft.playwright.impl.Connection.processOneMessage(Connection.java:206)
at com.microsoft.playwright.impl.ChannelOwner.runUntil(ChannelOwner.java:109)
... 39 more
]]>
            </full-stacktrace>
          </exception> <!-- com.microsoft.playwright.PlaywrightException -->
          <reporter-output>
          </reporter-output>
        </test-method> <!-- verifyNumofProducts -->
        <test-method is-config="true" signature="teardown()[pri:0, instance:testcases.LoginPageTest@6f96c77]" started-at="2025-07-19T15:54:25 IST" name="teardown" finished-at="1970-01-01T05:30:00 IST" duration-ms="-1752920665619" status="SKIP">
          <reporter-output>
          </reporter-output>
        </test-method> <!-- teardown -->
      </class> <!-- testcases.LoginPageTest -->
    </test> <!-- Surefire test -->
  </suite> <!-- Surefire suite -->
</testng-results>
