-------------------------------------------------------------------------------
Test set: testcases.LoginPageTest
-------------------------------------------------------------------------------
Tests run: 4, Failures: 1, Errors: 0, Skipped: 3, Time elapsed: 77.535 s <<< FAILURE! - in testcases.LoginPageTest
setup(testcases.LoginPageTest)  Time elapsed: 77.399 s  <<< FAILURE!
com.microsoft.playwright.PlaywrightException: 
Error {
  message='WebSocket error: connect ETIMEDOUT 172.18.0.4:4444
=========================== logs ===========================
<selenium> connecting to http://localhost:4444/wd/hub/
<selenium> connected to sessionId=769741d54e883c35ba74338b23390df7
<selenium> using selenium v4
<selenium> retrieved endpoint ws://172.18.0.4:4444/session/769741d54e883c35ba74338b23390df7/se/cdp for sessionId=769741d54e883c35ba74338b23390df7
<ws connecting> ws://172.18.0.4:4444/session/769741d54e883c35ba74338b23390df7/se/cdp
<ws error> ws://172.18.0.4:4444/session/769741d54e883c35ba74338b23390df7/se/cdp error connect ETIMEDOUT 172.18.0.4:4444
<ws connect error> ws://172.18.0.4:4444/session/769741d54e883c35ba74338b23390df7/se/cdp connect ETIMEDOUT 172.18.0.4:4444
<ws disconnected> ws://172.18.0.4:4444/session/769741d54e883c35ba74338b23390df7/se/cdp code=1006 reason=
<selenium> disconnecting from sessionId=769741d54e883c35ba74338b23390df7
<selenium> disconnected from sessionId=769741d54e883c35ba74338b23390df7
============================================================
  name='Error
  stack='Error: WebSocket error: connect ETIMEDOUT 172.18.0.4:4444
=========================== logs ===========================
<selenium> connecting to http://localhost:4444/wd/hub/
<selenium> connected to sessionId=769741d54e883c35ba74338b23390df7
<selenium> using selenium v4
<selenium> retrieved endpoint ws://172.18.0.4:4444/session/769741d54e883c35ba74338b23390df7/se/cdp for sessionId=769741d54e883c35ba74338b23390df7
<ws connecting> ws://172.18.0.4:4444/session/769741d54e883c35ba74338b23390df7/se/cdp
<ws error> ws://172.18.0.4:4444/session/769741d54e883c35ba74338b23390df7/se/cdp error connect ETIMEDOUT 172.18.0.4:4444
<ws connect error> ws://172.18.0.4:4444/session/769741d54e883c35ba74338b23390df7/se/cdp connect ETIMEDOUT 172.18.0.4:4444
<ws disconnected> ws://172.18.0.4:4444/session/769741d54e883c35ba74338b23390df7/se/cdp code=1006 reason=
<selenium> disconnecting from sessionId=769741d54e883c35ba74338b23390df7
<selenium> disconnected from sessionId=769741d54e883c35ba74338b23390df7
============================================================
    at X.<anonymous> (/private/var/folders/gv/ppgr0g4x6hx2c7pcm5h47wv00000gn/T/playwright-java-11343655625906808026/package/lib/server/transport.js:43:16)
    at X.emit (node:events:525:35)
    at io (/private/var/folders/gv/ppgr0g4x6hx2c7pcm5h47wv00000gn/T/playwright-java-11343655625906808026/package/lib/utilsBundleImpl.js:37:36211)
    at ClientRequest.<anonymous> (/private/var/folders/gv/ppgr0g4x6hx2c7pcm5h47wv00000gn/T/playwright-java-11343655625906808026/package/lib/utilsBundleImpl.js:37:34667)
    at ClientRequest.emit (node:events:513:28)
    at Socket.socketErrorListener (node:_http_client:502:9)
    at Socket.emit (node:events:513:28)
    at emitErrorNT (node:internal/streams/destroy:151:8)
    at emitErrorCloseNT (node:internal/streams/destroy:116:3)
    at process.processTicksAndRejections (node:internal/process/task_queues:82:21)
}
Caused by: com.microsoft.playwright.impl.DriverException: 
Error {
  message='WebSocket error: connect ETIMEDOUT 172.18.0.4:4444
=========================== logs ===========================
<selenium> connecting to http://localhost:4444/wd/hub/
<selenium> connected to sessionId=769741d54e883c35ba74338b23390df7
<selenium> using selenium v4
<selenium> retrieved endpoint ws://172.18.0.4:4444/session/769741d54e883c35ba74338b23390df7/se/cdp for sessionId=769741d54e883c35ba74338b23390df7
<ws connecting> ws://172.18.0.4:4444/session/769741d54e883c35ba74338b23390df7/se/cdp
<ws error> ws://172.18.0.4:4444/session/769741d54e883c35ba74338b23390df7/se/cdp error connect ETIMEDOUT 172.18.0.4:4444
<ws connect error> ws://172.18.0.4:4444/session/769741d54e883c35ba74338b23390df7/se/cdp connect ETIMEDOUT 172.18.0.4:4444
<ws disconnected> ws://172.18.0.4:4444/session/769741d54e883c35ba74338b23390df7/se/cdp code=1006 reason=
<selenium> disconnecting from sessionId=769741d54e883c35ba74338b23390df7
<selenium> disconnected from sessionId=769741d54e883c35ba74338b23390df7
============================================================
  name='Error
  stack='Error: WebSocket error: connect ETIMEDOUT 172.18.0.4:4444
=========================== logs ===========================
<selenium> connecting to http://localhost:4444/wd/hub/
<selenium> connected to sessionId=769741d54e883c35ba74338b23390df7
<selenium> using selenium v4
<selenium> retrieved endpoint ws://172.18.0.4:4444/session/769741d54e883c35ba74338b23390df7/se/cdp for sessionId=769741d54e883c35ba74338b23390df7
<ws connecting> ws://172.18.0.4:4444/session/769741d54e883c35ba74338b23390df7/se/cdp
<ws error> ws://172.18.0.4:4444/session/769741d54e883c35ba74338b23390df7/se/cdp error connect ETIMEDOUT 172.18.0.4:4444
<ws connect error> ws://172.18.0.4:4444/session/769741d54e883c35ba74338b23390df7/se/cdp connect ETIMEDOUT 172.18.0.4:4444
<ws disconnected> ws://172.18.0.4:4444/session/769741d54e883c35ba74338b23390df7/se/cdp code=1006 reason=
<selenium> disconnecting from sessionId=769741d54e883c35ba74338b23390df7
<selenium> disconnected from sessionId=769741d54e883c35ba74338b23390df7
============================================================
    at X.<anonymous> (/private/var/folders/gv/ppgr0g4x6hx2c7pcm5h47wv00000gn/T/playwright-java-11343655625906808026/package/lib/server/transport.js:43:16)
    at X.emit (node:events:525:35)
    at io (/private/var/folders/gv/ppgr0g4x6hx2c7pcm5h47wv00000gn/T/playwright-java-11343655625906808026/package/lib/utilsBundleImpl.js:37:36211)
    at ClientRequest.<anonymous> (/private/var/folders/gv/ppgr0g4x6hx2c7pcm5h47wv00000gn/T/playwright-java-11343655625906808026/package/lib/utilsBundleImpl.js:37:34667)
    at ClientRequest.emit (node:events:513:28)
    at Socket.socketErrorListener (node:_http_client:502:9)
    at Socket.emit (node:events:513:28)
    at emitErrorNT (node:internal/streams/destroy:151:8)
    at emitErrorCloseNT (node:internal/streams/destroy:116:3)
    at process.processTicksAndRejections (node:internal/process/task_queues:82:21)
}

