<?xml version="1.0" encoding="UTF-8"?>
<testng-results ignored="0" total="4" passed="4" failed="0" skipped="0">
  <reporter-output>
  </reporter-output>
  <suite started-at="2025-07-25T20:30:00 IST" name="Open Cart Regression suite" finished-at="2025-07-25T20:30:07 IST" duration-ms="6399">
    <groups>
    </groups>
    <test started-at="2025-07-25T20:30:00 IST" name="Verify Title and login URL  " finished-at="2025-07-25T20:30:04 IST" duration-ms="4139">
      <class name="testcases.HomePageTest">
        <test-method is-config="true" signature="setup(java.lang.String)[pri:0, instance:testcases.HomePageTest@700fb871]" started-at="2025-07-25T20:30:00 IST" name="setup" finished-at="2025-07-25T20:30:04 IST" duration-ms="3645" status="PASS">
          <params>
            <param index="0">
              <value>
                <![CDATA[chromium]]>
              </value>
            </param>
          </params>
          <reporter-output>
          </reporter-output>
        </test-method> <!-- setup -->
        <test-method signature="homePageTitle()[pri:0, instance:testcases.HomePageTest@700fb871]" started-at="2025-07-25T20:30:04 IST" name="homePageTitle" finished-at="2025-07-25T20:30:04 IST" duration-ms="84" status="PASS">
          <reporter-output>
          </reporter-output>
        </test-method> <!-- homePageTitle -->
        <test-method signature="homePageURL()[pri:0, instance:testcases.HomePageTest@700fb871]" started-at="2025-07-25T20:30:04 IST" name="homePageURL" finished-at="2025-07-25T20:30:04 IST" duration-ms="2" status="PASS">
          <reporter-output>
          </reporter-output>
        </test-method> <!-- homePageURL -->
        <test-method is-config="true" signature="teardown()[pri:0, instance:testcases.HomePageTest@700fb871]" started-at="2025-07-25T20:30:04 IST" name="teardown" finished-at="2025-07-25T20:30:04 IST" duration-ms="366" status="PASS">
          <reporter-output>
          </reporter-output>
        </test-method> <!-- teardown -->
      </class> <!-- testcases.HomePageTest -->
    </test> <!-- Verify Title and login URL   -->
    <test started-at="2025-07-25T20:30:00 IST" name="Verify num of products" finished-at="2025-07-25T20:30:07 IST" duration-ms="6399">
      <class name="testcases.LoginPageTest">
        <test-method is-config="true" signature="setup(java.lang.String)[pri:0, instance:testcases.LoginPageTest@2438dcd]" started-at="2025-07-25T20:30:00 IST" name="setup" finished-at="2025-07-25T20:30:06 IST" duration-ms="5560" status="PASS">
          <params>
            <param index="0">
              <value>
                <![CDATA[firefox]]>
              </value>
            </param>
          </params>
          <reporter-output>
          </reporter-output>
        </test-method> <!-- setup -->
        <test-method signature="loginPageNavigationTest()[pri:1, instance:testcases.LoginPageTest@2438dcd]" started-at="2025-07-25T20:30:06 IST" name="loginPageNavigationTest" finished-at="2025-07-25T20:30:06 IST" duration-ms="231" status="PASS">
          <reporter-output>
          </reporter-output>
        </test-method> <!-- loginPageNavigationTest -->
        <test-method signature="verifyNumofProducts()[pri:2, instance:testcases.LoginPageTest@2438dcd]" started-at="2025-07-25T20:30:06 IST" name="verifyNumofProducts" finished-at="2025-07-25T20:30:06 IST" duration-ms="5" status="PASS">
          <reporter-output>
          </reporter-output>
        </test-method> <!-- verifyNumofProducts -->
        <test-method is-config="true" signature="teardown()[pri:0, instance:testcases.LoginPageTest@2438dcd]" started-at="2025-07-25T20:30:06 IST" name="teardown" finished-at="2025-07-25T20:30:07 IST" duration-ms="596" status="PASS">
          <reporter-output>
          </reporter-output>
        </test-method> <!-- teardown -->
      </class> <!-- testcases.LoginPageTest -->
    </test> <!-- Verify num of products -->
  </suite> <!-- Open Cart Regression suite -->
</testng-results>
