<?xml version="1.0" encoding="UTF-8"?>
<testsuite xmlns:xsi="http://www.w3.org/2001/XMLSchema-instance" xsi:noNamespaceSchemaLocation="https://maven.apache.org/surefire/maven-surefire-plugin/xsd/surefire-test-report.xsd" name="TestSuite" time="6.882" tests="4" errors="0" skipped="0" failures="0">
  <properties>
[...]
</properties>
  <testcase name="homePageTitle" classname="testcases.HomePageTest" time="0.087"/>
  <testcase name="homePageURL" classname="testcases.HomePageTest" time="0.002"/>
  <testcase name="loginPageNavigationTest" classname="testcases.LoginPageTest" time="0.225"/>
  <testcase name="verifyNumofProducts" classname="testcases.LoginPageTest" time="0.005"/>
</testsuite>