<?xml version="1.0" encoding="UTF-8"?>
<testsuite xmlns:xsi="http://www.w3.org/2001/XMLSchema-instance" xsi:noNamespaceSchemaLocation="https://maven.apache.org/surefire/maven-surefire-plugin/xsd/surefire-test-report.xsd" name="testcases.LoginPageTest" time="77.535" tests="4" errors="0" skipped="3" failures="1">
  <properties>
[...]
</properties>
  <testcase name="setup" classname="testcases.LoginPageTest" time="77.399">
    <failure message="Error {&#10;  message=&apos;WebSocket error: connect ETIMEDOUT 172.18.0.4:4444&#10;=========================== logs ===========================&#10;&lt;selenium&gt; connecting to http://localhost:4444/wd/hub/&#10;&lt;selenium&gt; connected to sessionId=769741d54e883c35ba74338b23390df7&#10;&lt;selenium&gt; using selenium v4&#10;&lt;selenium&gt; retrieved endpoint ws://172.18.0.4:4444/session/769741d54e883c35ba74338b23390df7/se/cdp for sessionId=769741d54e883c35ba74338b23390df7&#10;&lt;ws connecting&gt; ws://172.18.0.4:4444/session/769741d54e883c35ba74338b23390df7/se/cdp&#10;&lt;ws error&gt; ws://172.18.0.4:4444/session/769741d54e883c35ba74338b23390df7/se/cdp error connect ETIMEDOUT 172.18.0.4:4444&#10;&lt;ws connect error&gt; ws://172.18.0.4:4444/session/769741d54e883c35ba74338b23390df7/se/cdp connect ETIMEDOUT 172.18.0.4:4444&#10;&lt;ws disconnected&gt; ws://172.18.0.4:4444/session/769741d54e883c35ba74338b23390df7/se/cdp code=1006 reason=&#10;&lt;selenium&gt; disconnecting from sessionId=769741d54e883c35ba74338b23390df7&#10;&lt;selenium&gt; disconnected from sessionId=769741d54e883c35ba74338b23390df7&#10;============================================================&#10;  name=&apos;Error&#10;  stack=&apos;Error: WebSocket error: connect ETIMEDOUT 172.18.0.4:4444&#10;=========================== logs ===========================&#10;&lt;selenium&gt; connecting to http://localhost:4444/wd/hub/&#10;&lt;selenium&gt; connected to sessionId=769741d54e883c35ba74338b23390df7&#10;&lt;selenium&gt; using selenium v4&#10;&lt;selenium&gt; retrieved endpoint ws://172.18.0.4:4444/session/769741d54e883c35ba74338b23390df7/se/cdp for sessionId=769741d54e883c35ba74338b23390df7&#10;&lt;ws connecting&gt; ws://172.18.0.4:4444/session/769741d54e883c35ba74338b23390df7/se/cdp&#10;&lt;ws error&gt; ws://172.18.0.4:4444/session/769741d54e883c35ba74338b23390df7/se/cdp error connect ETIMEDOUT 172.18.0.4:4444&#10;&lt;ws connect error&gt; ws://172.18.0.4:4444/session/769741d54e883c35ba74338b23390df7/se/cdp connect ETIMEDOUT 172.18.0.4:4444&#10;&lt;ws disconnected&gt; ws://172.18.0.4:4444/session/769741d54e883c35ba74338b23390df7/se/cdp code=1006 reason=&#10;&lt;selenium&gt; disconnecting from sessionId=769741d54e883c35ba74338b23390df7&#10;&lt;selenium&gt; disconnected from sessionId=769741d54e883c35ba74338b23390df7&#10;============================================================&#10;    at X.&lt;anonymous&gt; (/private/var/folders/gv/ppgr0g4x6hx2c7pcm5h47wv00000gn/T/playwright-java-11343655625906808026/package/lib/server/transport.js:43:16)&#10;    at X.emit (node:events:525:35)&#10;    at io (/private/var/folders/gv/ppgr0g4x6hx2c7pcm5h47wv00000gn/T/playwright-java-11343655625906808026/package/lib/utilsBundleImpl.js:37:36211)&#10;    at ClientRequest.&lt;anonymous&gt; (/private/var/folders/gv/ppgr0g4x6hx2c7pcm5h47wv00000gn/T/playwright-java-11343655625906808026/package/lib/utilsBundleImpl.js:37:34667)&#10;    at ClientRequest.emit (node:events:513:28)&#10;    at Socket.socketErrorListener (node:_http_client:502:9)&#10;    at Socket.emit (node:events:513:28)&#10;    at emitErrorNT (node:internal/streams/destroy:151:8)&#10;    at emitErrorCloseNT (node:internal/streams/destroy:116:3)&#10;    at process.processTicksAndRejections (node:internal/process/task_queues:82:21)&#10;}" type="com.microsoft.playwright.PlaywrightException"><![CDATA[com.microsoft.playwright.PlaywrightException: 
Error {
  message='WebSocket error: connect ETIMEDOUT 172.18.0.4:4444
=========================== logs ===========================
<selenium> connecting to http://localhost:4444/wd/hub/
<selenium> connected to sessionId=769741d54e883c35ba74338b23390df7
<selenium> using selenium v4
<selenium> retrieved endpoint ws://172.18.0.4:4444/session/769741d54e883c35ba74338b23390df7/se/cdp for sessionId=769741d54e883c35ba74338b23390df7
<ws connecting> ws://172.18.0.4:4444/session/769741d54e883c35ba74338b23390df7/se/cdp
<ws error> ws://172.18.0.4:4444/session/769741d54e883c35ba74338b23390df7/se/cdp error connect ETIMEDOUT 172.18.0.4:4444
<ws connect error> ws://172.18.0.4:4444/session/769741d54e883c35ba74338b23390df7/se/cdp connect ETIMEDOUT 172.18.0.4:4444
<ws disconnected> ws://172.18.0.4:4444/session/769741d54e883c35ba74338b23390df7/se/cdp code=1006 reason=
<selenium> disconnecting from sessionId=769741d54e883c35ba74338b23390df7
<selenium> disconnected from sessionId=769741d54e883c35ba74338b23390df7
============================================================
  name='Error
  stack='Error: WebSocket error: connect ETIMEDOUT 172.18.0.4:4444
=========================== logs ===========================
<selenium> connecting to http://localhost:4444/wd/hub/
<selenium> connected to sessionId=769741d54e883c35ba74338b23390df7
<selenium> using selenium v4
<selenium> retrieved endpoint ws://172.18.0.4:4444/session/769741d54e883c35ba74338b23390df7/se/cdp for sessionId=769741d54e883c35ba74338b23390df7
<ws connecting> ws://172.18.0.4:4444/session/769741d54e883c35ba74338b23390df7/se/cdp
<ws error> ws://172.18.0.4:4444/session/769741d54e883c35ba74338b23390df7/se/cdp error connect ETIMEDOUT 172.18.0.4:4444
<ws connect error> ws://172.18.0.4:4444/session/769741d54e883c35ba74338b23390df7/se/cdp connect ETIMEDOUT 172.18.0.4:4444
<ws disconnected> ws://172.18.0.4:4444/session/769741d54e883c35ba74338b23390df7/se/cdp code=1006 reason=
<selenium> disconnecting from sessionId=769741d54e883c35ba74338b23390df7
<selenium> disconnected from sessionId=769741d54e883c35ba74338b23390df7
============================================================
    at X.<anonymous> (/private/var/folders/gv/ppgr0g4x6hx2c7pcm5h47wv00000gn/T/playwright-java-11343655625906808026/package/lib/server/transport.js:43:16)
    at X.emit (node:events:525:35)
    at io (/private/var/folders/gv/ppgr0g4x6hx2c7pcm5h47wv00000gn/T/playwright-java-11343655625906808026/package/lib/utilsBundleImpl.js:37:36211)
    at ClientRequest.<anonymous> (/private/var/folders/gv/ppgr0g4x6hx2c7pcm5h47wv00000gn/T/playwright-java-11343655625906808026/package/lib/utilsBundleImpl.js:37:34667)
    at ClientRequest.emit (node:events:513:28)
    at Socket.socketErrorListener (node:_http_client:502:9)
    at Socket.emit (node:events:513:28)
    at emitErrorNT (node:internal/streams/destroy:151:8)
    at emitErrorCloseNT (node:internal/streams/destroy:116:3)
    at process.processTicksAndRejections (node:internal/process/task_queues:82:21)
}
Caused by: com.microsoft.playwright.impl.DriverException: 
Error {
  message='WebSocket error: connect ETIMEDOUT 172.18.0.4:4444
=========================== logs ===========================
<selenium> connecting to http://localhost:4444/wd/hub/
<selenium> connected to sessionId=769741d54e883c35ba74338b23390df7
<selenium> using selenium v4
<selenium> retrieved endpoint ws://172.18.0.4:4444/session/769741d54e883c35ba74338b23390df7/se/cdp for sessionId=769741d54e883c35ba74338b23390df7
<ws connecting> ws://172.18.0.4:4444/session/769741d54e883c35ba74338b23390df7/se/cdp
<ws error> ws://172.18.0.4:4444/session/769741d54e883c35ba74338b23390df7/se/cdp error connect ETIMEDOUT 172.18.0.4:4444
<ws connect error> ws://172.18.0.4:4444/session/769741d54e883c35ba74338b23390df7/se/cdp connect ETIMEDOUT 172.18.0.4:4444
<ws disconnected> ws://172.18.0.4:4444/session/769741d54e883c35ba74338b23390df7/se/cdp code=1006 reason=
<selenium> disconnecting from sessionId=769741d54e883c35ba74338b23390df7
<selenium> disconnected from sessionId=769741d54e883c35ba74338b23390df7
============================================================
  name='Error
  stack='Error: WebSocket error: connect ETIMEDOUT 172.18.0.4:4444
=========================== logs ===========================
<selenium> connecting to http://localhost:4444/wd/hub/
<selenium> connected to sessionId=769741d54e883c35ba74338b23390df7
<selenium> using selenium v4
<selenium> retrieved endpoint ws://172.18.0.4:4444/session/769741d54e883c35ba74338b23390df7/se/cdp for sessionId=769741d54e883c35ba74338b23390df7
<ws connecting> ws://172.18.0.4:4444/session/769741d54e883c35ba74338b23390df7/se/cdp
<ws error> ws://172.18.0.4:4444/session/769741d54e883c35ba74338b23390df7/se/cdp error connect ETIMEDOUT 172.18.0.4:4444
<ws connect error> ws://172.18.0.4:4444/session/769741d54e883c35ba74338b23390df7/se/cdp connect ETIMEDOUT 172.18.0.4:4444
<ws disconnected> ws://172.18.0.4:4444/session/769741d54e883c35ba74338b23390df7/se/cdp code=1006 reason=
<selenium> disconnecting from sessionId=769741d54e883c35ba74338b23390df7
<selenium> disconnected from sessionId=769741d54e883c35ba74338b23390df7
============================================================
    at X.<anonymous> (/private/var/folders/gv/ppgr0g4x6hx2c7pcm5h47wv00000gn/T/playwright-java-11343655625906808026/package/lib/server/transport.js:43:16)
    at X.emit (node:events:525:35)
    at io (/private/var/folders/gv/ppgr0g4x6hx2c7pcm5h47wv00000gn/T/playwright-java-11343655625906808026/package/lib/utilsBundleImpl.js:37:36211)
    at ClientRequest.<anonymous> (/private/var/folders/gv/ppgr0g4x6hx2c7pcm5h47wv00000gn/T/playwright-java-11343655625906808026/package/lib/utilsBundleImpl.js:37:34667)
    at ClientRequest.emit (node:events:513:28)
    at Socket.socketErrorListener (node:_http_client:502:9)
    at Socket.emit (node:events:513:28)
    at emitErrorNT (node:internal/streams/destroy:151:8)
    at emitErrorCloseNT (node:internal/streams/destroy:116:3)
    at process.processTicksAndRejections (node:internal/process/task_queues:82:21)
}
]]></failure>
    <system-out><![CDATA[Launching chromium!!
]]></system-out>
  </testcase>
  <testcase name="loginPageNavigationTest" classname="testcases.LoginPageTest" time="0">
    <skipped message="Error {&#10;  message=&apos;WebSocket error: connect ETIMEDOUT 172.18.0.4:4444&#10;=========================== logs ===========================&#10;&lt;selenium&gt; connecting to http://localhost:4444/wd/hub/&#10;&lt;selenium&gt; connected to sessionId=769741d54e883c35ba74338b23390df7&#10;&lt;selenium&gt; using selenium v4&#10;&lt;selenium&gt; retrieved endpoint ws://172.18.0.4:4444/session/769741d54e883c35ba74338b23390df7/se/cdp for sessionId=769741d54e883c35ba74338b23390df7&#10;&lt;ws connecting&gt; ws://172.18.0.4:4444/session/769741d54e883c35ba74338b23390df7/se/cdp&#10;&lt;ws error&gt; ws://172.18.0.4:4444/session/769741d54e883c35ba74338b23390df7/se/cdp error connect ETIMEDOUT 172.18.0.4:4444&#10;&lt;ws connect error&gt; ws://172.18.0.4:4444/session/769741d54e883c35ba74338b23390df7/se/cdp connect ETIMEDOUT 172.18.0.4:4444&#10;&lt;ws disconnected&gt; ws://172.18.0.4:4444/session/769741d54e883c35ba74338b23390df7/se/cdp code=1006 reason=&#10;&lt;selenium&gt; disconnecting from sessionId=769741d54e883c35ba74338b23390df7&#10;&lt;selenium&gt; disconnected from sessionId=769741d54e883c35ba74338b23390df7&#10;============================================================&#10;  name=&apos;Error&#10;  stack=&apos;Error: WebSocket error: connect ETIMEDOUT 172.18.0.4:4444&#10;=========================== logs ===========================&#10;&lt;selenium&gt; connecting to http://localhost:4444/wd/hub/&#10;&lt;selenium&gt; connected to sessionId=769741d54e883c35ba74338b23390df7&#10;&lt;selenium&gt; using selenium v4&#10;&lt;selenium&gt; retrieved endpoint ws://172.18.0.4:4444/session/769741d54e883c35ba74338b23390df7/se/cdp for sessionId=769741d54e883c35ba74338b23390df7&#10;&lt;ws connecting&gt; ws://172.18.0.4:4444/session/769741d54e883c35ba74338b23390df7/se/cdp&#10;&lt;ws error&gt; ws://172.18.0.4:4444/session/769741d54e883c35ba74338b23390df7/se/cdp error connect ETIMEDOUT 172.18.0.4:4444&#10;&lt;ws connect error&gt; ws://172.18.0.4:4444/session/769741d54e883c35ba74338b23390df7/se/cdp connect ETIMEDOUT 172.18.0.4:4444&#10;&lt;ws disconnected&gt; ws://172.18.0.4:4444/session/769741d54e883c35ba74338b23390df7/se/cdp code=1006 reason=&#10;&lt;selenium&gt; disconnecting from sessionId=769741d54e883c35ba74338b23390df7&#10;&lt;selenium&gt; disconnected from sessionId=769741d54e883c35ba74338b23390df7&#10;============================================================&#10;    at X.&lt;anonymous&gt; (/private/var/folders/gv/ppgr0g4x6hx2c7pcm5h47wv00000gn/T/playwright-java-11343655625906808026/package/lib/server/transport.js:43:16)&#10;    at X.emit (node:events:525:35)&#10;    at io (/private/var/folders/gv/ppgr0g4x6hx2c7pcm5h47wv00000gn/T/playwright-java-11343655625906808026/package/lib/utilsBundleImpl.js:37:36211)&#10;    at ClientRequest.&lt;anonymous&gt; (/private/var/folders/gv/ppgr0g4x6hx2c7pcm5h47wv00000gn/T/playwright-java-11343655625906808026/package/lib/utilsBundleImpl.js:37:34667)&#10;    at ClientRequest.emit (node:events:513:28)&#10;    at Socket.socketErrorListener (node:_http_client:502:9)&#10;    at Socket.emit (node:events:513:28)&#10;    at emitErrorNT (node:internal/streams/destroy:151:8)&#10;    at emitErrorCloseNT (node:internal/streams/destroy:116:3)&#10;    at process.processTicksAndRejections (node:internal/process/task_queues:82:21)&#10;}"/>
  </testcase>
  <testcase name="verifyNumofProducts" classname="testcases.LoginPageTest" time="0">
    <skipped message="Error {&#10;  message=&apos;WebSocket error: connect ETIMEDOUT 172.18.0.4:4444&#10;=========================== logs ===========================&#10;&lt;selenium&gt; connecting to http://localhost:4444/wd/hub/&#10;&lt;selenium&gt; connected to sessionId=769741d54e883c35ba74338b23390df7&#10;&lt;selenium&gt; using selenium v4&#10;&lt;selenium&gt; retrieved endpoint ws://172.18.0.4:4444/session/769741d54e883c35ba74338b23390df7/se/cdp for sessionId=769741d54e883c35ba74338b23390df7&#10;&lt;ws connecting&gt; ws://172.18.0.4:4444/session/769741d54e883c35ba74338b23390df7/se/cdp&#10;&lt;ws error&gt; ws://172.18.0.4:4444/session/769741d54e883c35ba74338b23390df7/se/cdp error connect ETIMEDOUT 172.18.0.4:4444&#10;&lt;ws connect error&gt; ws://172.18.0.4:4444/session/769741d54e883c35ba74338b23390df7/se/cdp connect ETIMEDOUT 172.18.0.4:4444&#10;&lt;ws disconnected&gt; ws://172.18.0.4:4444/session/769741d54e883c35ba74338b23390df7/se/cdp code=1006 reason=&#10;&lt;selenium&gt; disconnecting from sessionId=769741d54e883c35ba74338b23390df7&#10;&lt;selenium&gt; disconnected from sessionId=769741d54e883c35ba74338b23390df7&#10;============================================================&#10;  name=&apos;Error&#10;  stack=&apos;Error: WebSocket error: connect ETIMEDOUT 172.18.0.4:4444&#10;=========================== logs ===========================&#10;&lt;selenium&gt; connecting to http://localhost:4444/wd/hub/&#10;&lt;selenium&gt; connected to sessionId=769741d54e883c35ba74338b23390df7&#10;&lt;selenium&gt; using selenium v4&#10;&lt;selenium&gt; retrieved endpoint ws://172.18.0.4:4444/session/769741d54e883c35ba74338b23390df7/se/cdp for sessionId=769741d54e883c35ba74338b23390df7&#10;&lt;ws connecting&gt; ws://172.18.0.4:4444/session/769741d54e883c35ba74338b23390df7/se/cdp&#10;&lt;ws error&gt; ws://172.18.0.4:4444/session/769741d54e883c35ba74338b23390df7/se/cdp error connect ETIMEDOUT 172.18.0.4:4444&#10;&lt;ws connect error&gt; ws://172.18.0.4:4444/session/769741d54e883c35ba74338b23390df7/se/cdp connect ETIMEDOUT 172.18.0.4:4444&#10;&lt;ws disconnected&gt; ws://172.18.0.4:4444/session/769741d54e883c35ba74338b23390df7/se/cdp code=1006 reason=&#10;&lt;selenium&gt; disconnecting from sessionId=769741d54e883c35ba74338b23390df7&#10;&lt;selenium&gt; disconnected from sessionId=769741d54e883c35ba74338b23390df7&#10;============================================================&#10;    at X.&lt;anonymous&gt; (/private/var/folders/gv/ppgr0g4x6hx2c7pcm5h47wv00000gn/T/playwright-java-11343655625906808026/package/lib/server/transport.js:43:16)&#10;    at X.emit (node:events:525:35)&#10;    at io (/private/var/folders/gv/ppgr0g4x6hx2c7pcm5h47wv00000gn/T/playwright-java-11343655625906808026/package/lib/utilsBundleImpl.js:37:36211)&#10;    at ClientRequest.&lt;anonymous&gt; (/private/var/folders/gv/ppgr0g4x6hx2c7pcm5h47wv00000gn/T/playwright-java-11343655625906808026/package/lib/utilsBundleImpl.js:37:34667)&#10;    at ClientRequest.emit (node:events:513:28)&#10;    at Socket.socketErrorListener (node:_http_client:502:9)&#10;    at Socket.emit (node:events:513:28)&#10;    at emitErrorNT (node:internal/streams/destroy:151:8)&#10;    at emitErrorCloseNT (node:internal/streams/destroy:116:3)&#10;    at process.processTicksAndRejections (node:internal/process/task_queues:82:21)&#10;}"/>
  </testcase>
  <testcase name="teardown" classname="testcases.LoginPageTest" time="0">
    <skipped/>
  </testcase>
</testsuite>