<?xml version="1.0" encoding="UTF-8"?>
<testng-results ignored="0" total="2" passed="2" failed="0" skipped="0">
  <reporter-output>
  </reporter-output>
  <suite started-at="2025-07-22T19:52:45 IST" name="Default Suite" finished-at="2025-07-22T19:52:52 IST" duration-ms="6636">
    <groups>
    </groups>
    <test started-at="2025-07-22T19:52:45 IST" name="PlayWright_Jul_2025" finished-at="2025-07-22T19:52:52 IST" duration-ms="6636">
      <class name="testcases.HomePageTest">
        <test-method is-config="true" signature="setup(java.lang.String)[pri:0, instance:testcases.HomePageTest@2c767a52]" started-at="2025-07-22T19:52:45 IST" name="setup" finished-at="2025-07-22T19:52:51 IST" duration-ms="6293" status="PASS">
          <params>
            <param index="0">
              <value>
                <![CDATA[chromium]]>
              </value>
            </param>
          </params>
          <reporter-output>
          </reporter-output>
        </test-method> <!-- setup -->
        <test-method signature="homePageTitle()[pri:0, instance:testcases.HomePageTest@2c767a52]" started-at="2025-07-22T19:52:51 IST" name="homePageTitle" finished-at="2025-07-22T19:52:51 IST" duration-ms="10" status="PASS">
          <reporter-output>
          </reporter-output>
        </test-method> <!-- homePageTitle -->
        <test-method signature="homePageURL()[pri:0, instance:testcases.HomePageTest@2c767a52]" started-at="2025-07-22T19:52:51 IST" name="homePageURL" finished-at="2025-07-22T19:52:51 IST" duration-ms="0" status="PASS">
          <reporter-output>
          </reporter-output>
        </test-method> <!-- homePageURL -->
        <test-method is-config="true" signature="teardown()[pri:0, instance:testcases.HomePageTest@2c767a52]" started-at="2025-07-22T19:52:51 IST" name="teardown" finished-at="2025-07-22T19:52:52 IST" duration-ms="311" status="PASS">
          <reporter-output>
          </reporter-output>
        </test-method> <!-- teardown -->
      </class> <!-- testcases.HomePageTest -->
    </test> <!-- PlayWright_Jul_2025 -->
  </suite> <!-- Default Suite -->
</testng-results>
