<?xml version="1.0" encoding="UTF-8"?>
<!-- Generated by org.testng.reporters.JUnitReportReporter -->
<testsuite hostname="Pritis-MacBook-Pro.local" failures="0" tests="2" name="testcases.HomePageTest" time="0.006" errors="0" timestamp="2025-07-16T13:38:23 IST" skipped="0">
  <testcase classname="testcases.HomePageTest" name="homePageURL" time="0.000"/>
  <system-out/>
  <testcase classname="testcases.HomePageTest" name="homePageTitle" time="0.006"/>
  <system-out/>
</testsuite> <!-- testcases.HomePageTest -->
