<?xml version="1.0" encoding="UTF-8"?>
<!-- Generated by org.testng.reporters.JUnitReportReporter -->
<testsuite hostname="Pritis-MacBook-Pro.local" failures="0" tests="2" name="testcases.HomePageTest" time="0.086" errors="0" timestamp="2025-07-25T20:30:07 IST" skipped="0">
  <testcase classname="testcases.HomePageTest" name="homePageTitle" time="0.084"/>
  <system-out/>
  <testcase classname="testcases.HomePageTest" name="homePageURL" time="0.002"/>
  <system-out/>
</testsuite> <!-- testcases.HomePageTest -->
