<?xml version="1.0" encoding="UTF-8"?>
<!-- Generated by org.testng.reporters.JUnitReportReporter -->
<testsuite hostname="Pritis-MacBook-Pro.local" failures="0" tests="2" name="testcases.LoginPageTest" time="0.000" errors="0" timestamp="2025-07-22T19:50:10 IST" skipped="2">
  <testcase classname="testcases.LoginPageTest" name="loginPageNavigationTest" time="0.000">
    <skipped/>
  </testcase> <!-- loginPageNavigationTest -->
  <system-out/>
  <testcase classname="testcases.LoginPageTest" name="verifyNumofProducts" time="0.000">
    <skipped/>
  </testcase> <!-- verifyNumofProducts -->
  <system-out/>
</testsuite> <!-- testcases.LoginPageTest -->
