<?xml version="1.0" encoding="UTF-8"?>
<!-- Generated by org.testng.reporters.JUnitReportReporter -->
<testsuite hostname="Pritis-MacBook-Pro.local" failures="0" tests="2" name="testcases.HomePageTest" time="0.000" errors="0" timestamp="2025-07-22T19:50:10 IST" skipped="2">
  <testcase classname="testcases.HomePageTest" name="homePageURL" time="0.000">
    <skipped/>
  </testcase> <!-- homePageURL -->
  <system-out/>
  <testcase classname="testcases.HomePageTest" name="homePageTitle" time="0.000">
    <skipped/>
  </testcase> <!-- homePageTitle -->
  <system-out/>
</testsuite> <!-- testcases.HomePageTest -->
