<?xml version="1.0" encoding="UTF-8"?>
<!-- Generated by org.testng.reporters.JUnitReportReporter -->
<testsuite hostname="Pritis-MacBook-Pro.local" failures="0" tests="1" name="testcases.BaseTest" time="77.596" errors="1" timestamp="2025-07-19T15:47:32 IST" skipped="0">
  <testcase classname="testcases.BaseTest" name="setup" time="77.596">
    <error message="Error {
  message=&#039;WebSocket error: connect ETIMEDOUT 172.18.0.4:4444
=========================== logs ===========================
&lt;selenium&gt; connecting to http://localhost:4444/wd/hub/
&lt;selenium&gt; connected to sessionId=9593e75164ef018c97db45b7edab4a64
&lt;selenium&gt; using selenium v4
&lt;selenium&gt; retrieved endpoint ws://172.18.0.4:4444/session/9593e75164ef018c97db45b7edab4a64/se/cdp for sessionId=9593e75164ef018c97db45b7edab4a64
&lt;ws connecting&gt; ws://172.18.0.4:4444/session/9593e75164ef018c97db45b7edab4a64/se/cdp
&lt;ws error&gt; ws://172.18.0.4:4444/session/9593e75164ef018c97db45b7edab4a64/se/cdp error connect ETIMEDOUT 172.18.0.4:4444
&lt;ws connect error&gt; ws://172.18.0.4:4444/session/9593e75164ef018c97db45b7edab4a64/se/cdp connect ETIMEDOUT 172.18.0.4:4444
&lt;ws disconnected&gt; ws://172.18.0.4:4444/session/9593e75164ef018c97db45b7edab4a64/se/cdp code=1006 reason=
&lt;selenium&gt; disconnecting from sessionId=9593e75164ef018c97db45b7edab4a64
&lt;selenium&gt; disconnected from sessionId=9593e75164ef018c97db45b7edab4a64
============================================================
  name=&#039;Error
  stack=&#039;Error: WebSocket error: connect ETIMEDOUT 172.18.0.4:4444
=========================== logs ===========================
&lt;selenium&gt; connecting to http://localhost:4444/wd/hub/
&lt;selenium&gt; connected to sessionId=9593e75164ef018c97db45b7edab4a64
&lt;selenium&gt; using selenium v4
&lt;selenium&gt; retrieved endpoint ws://172.18.0.4:4444/session/9593e75164ef018c97db45b7edab4a64/se/cdp for sessionId=9593e75164ef018c97db45b7edab4a64
&lt;ws connecting&gt; ws://172.18.0.4:4444/session/9593e75164ef018c97db45b7edab4a64/se/cdp
&lt;ws error&gt; ws://172.18.0.4:4444/session/9593e75164ef018c97db45b7edab4a64/se/cdp error connect ETIMEDOUT 172.18.0.4:4444
&lt;ws connect error&gt; ws://172.18.0.4:4444/session/9593e75164ef018c97db45b7edab4a64/se/cdp connect ETIMEDOUT 172.18.0.4:4444
&lt;ws disconnected&gt; ws://172.18.0.4:4444/session/9593e75164ef018c97db45b7edab4a64/se/cdp code=1006 reason=
&lt;selenium&gt; disconnecting from sessionId=9593e75164ef018c97db45b7edab4a64
&lt;selenium&gt; disconnected from sessionId=9593e75164ef018c97db45b7edab4a64
============================================================
    at X.&lt;anonymous&gt; (/private/var/folders/gv/ppgr0g4x6hx2c7pcm5h47wv00000gn/T/playwright-java-17828338146902925820/package/lib/server/transport.js:43:16)
    at X.emit (node:events:525:35)
    at io (/private/var/folders/gv/ppgr0g4x6hx2c7pcm5h47wv00000gn/T/playwright-java-17828338146902925820/package/lib/utilsBundleImpl.js:37:36211)
    at ClientRequest.&lt;anonymous&gt; (/private/var/folders/gv/ppgr0g4x6hx2c7pcm5h47wv00000gn/T/playwright-java-17828338146902925820/package/lib/utilsBundleImpl.js:37:34667)
    at ClientRequest.emit (node:events:513:28)
    at Socket.socketErrorListener (node:_http_client:502:9)
    at Socket.emit (node:events:513:28)
    at emitErrorNT (node:internal/streams/destroy:151:8)
    at emitErrorCloseNT (node:internal/streams/destroy:116:3)
    at process.processTicksAndRejections (node:internal/process/task_queues:82:21)
}" type="com.microsoft.playwright.PlaywrightException">
      <![CDATA[com.microsoft.playwright.PlaywrightException: Error {
  message='WebSocket error: connect ETIMEDOUT 172.18.0.4:4444
=========================== logs ===========================
<selenium> connecting to http://localhost:4444/wd/hub/
<selenium> connected to sessionId=9593e75164ef018c97db45b7edab4a64
<selenium> using selenium v4
<selenium> retrieved endpoint ws://172.18.0.4:4444/session/9593e75164ef018c97db45b7edab4a64/se/cdp for sessionId=9593e75164ef018c97db45b7edab4a64
<ws connecting> ws://172.18.0.4:4444/session/9593e75164ef018c97db45b7edab4a64/se/cdp
<ws error> ws://172.18.0.4:4444/session/9593e75164ef018c97db45b7edab4a64/se/cdp error connect ETIMEDOUT 172.18.0.4:4444
<ws connect error> ws://172.18.0.4:4444/session/9593e75164ef018c97db45b7edab4a64/se/cdp connect ETIMEDOUT 172.18.0.4:4444
<ws disconnected> ws://172.18.0.4:4444/session/9593e75164ef018c97db45b7edab4a64/se/cdp code=1006 reason=
<selenium> disconnecting from sessionId=9593e75164ef018c97db45b7edab4a64
<selenium> disconnected from sessionId=9593e75164ef018c97db45b7edab4a64
============================================================
  name='Error
  stack='Error: WebSocket error: connect ETIMEDOUT 172.18.0.4:4444
=========================== logs ===========================
<selenium> connecting to http://localhost:4444/wd/hub/
<selenium> connected to sessionId=9593e75164ef018c97db45b7edab4a64
<selenium> using selenium v4
<selenium> retrieved endpoint ws://172.18.0.4:4444/session/9593e75164ef018c97db45b7edab4a64/se/cdp for sessionId=9593e75164ef018c97db45b7edab4a64
<ws connecting> ws://172.18.0.4:4444/session/9593e75164ef018c97db45b7edab4a64/se/cdp
<ws error> ws://172.18.0.4:4444/session/9593e75164ef018c97db45b7edab4a64/se/cdp error connect ETIMEDOUT 172.18.0.4:4444
<ws connect error> ws://172.18.0.4:4444/session/9593e75164ef018c97db45b7edab4a64/se/cdp connect ETIMEDOUT 172.18.0.4:4444
<ws disconnected> ws://172.18.0.4:4444/session/9593e75164ef018c97db45b7edab4a64/se/cdp code=1006 reason=
<selenium> disconnecting from sessionId=9593e75164ef018c97db45b7edab4a64
<selenium> disconnected from sessionId=9593e75164ef018c97db45b7edab4a64
============================================================
    at X.<anonymous> (/private/var/folders/gv/ppgr0g4x6hx2c7pcm5h47wv00000gn/T/playwright-java-17828338146902925820/package/lib/server/transport.js:43:16)
    at X.emit (node:events:525:35)
    at io (/private/var/folders/gv/ppgr0g4x6hx2c7pcm5h47wv00000gn/T/playwright-java-17828338146902925820/package/lib/utilsBundleImpl.js:37:36211)
    at ClientRequest.<anonymous> (/private/var/folders/gv/ppgr0g4x6hx2c7pcm5h47wv00000gn/T/playwright-java-17828338146902925820/package/lib/utilsBundleImpl.js:37:34667)
    at ClientRequest.emit (node:events:513:28)
    at Socket.socketErrorListener (node:_http_client:502:9)
    at Socket.emit (node:events:513:28)
    at emitErrorNT (node:internal/streams/destroy:151:8)
    at emitErrorCloseNT (node:internal/streams/destroy:116:3)
    at process.processTicksAndRejections (node:internal/process/task_queues:82:21)
}
at com.microsoft.playwright.impl.WaitableResult.get(WaitableResult.java:54)
at com.microsoft.playwright.impl.ChannelOwner.runUntil(ChannelOwner.java:111)
at com.microsoft.playwright.impl.Connection.sendMessage(Connection.java:126)
at com.microsoft.playwright.impl.ChannelOwner.sendMessage(ChannelOwner.java:102)
at com.microsoft.playwright.impl.BrowserTypeImpl.launchImpl(BrowserTypeImpl.java:52)
at com.microsoft.playwright.impl.BrowserTypeImpl.lambda$launch$0(BrowserTypeImpl.java:44)
at com.microsoft.playwright.impl.LoggingSupport.withLogging(LoggingSupport.java:47)
at com.microsoft.playwright.impl.ChannelOwner.withLogging(ChannelOwner.java:87)
at com.microsoft.playwright.impl.BrowserTypeImpl.launch(BrowserTypeImpl.java:44)
at com.microsoft.playwright.impl.BrowserTypeImpl.launch(BrowserTypeImpl.java:35)
at openCart.factory.Playwrightfactory.initBrowser(Playwrightfactory.java:46)
at testcases.BaseTest.setup(BaseTest.java:31)
at java.base/jdk.internal.reflect.NativeMethodAccessorImpl.invoke0(Native Method)
at java.base/jdk.internal.reflect.NativeMethodAccessorImpl.invoke(NativeMethodAccessorImpl.java:62)
at java.base/jdk.internal.reflect.DelegatingMethodAccessorImpl.invoke(DelegatingMethodAccessorImpl.java:43)
at java.base/java.lang.reflect.Method.invoke(Method.java:566)
at org.testng.internal.MethodInvocationHelper.invokeMethod(MethodInvocationHelper.java:134)
at org.testng.internal.MethodInvocationHelper.invokeMethodConsideringTimeout(MethodInvocationHelper.java:63)
at org.testng.internal.ConfigInvoker.invokeConfigurationMethod(ConfigInvoker.java:348)
at org.testng.internal.ConfigInvoker.invokeConfigurations(ConfigInvoker.java:302)
at org.testng.TestRunner.invokeTestConfigurations(TestRunner.java:619)
at org.testng.TestRunner.beforeRun(TestRunner.java:609)
at org.testng.TestRunner.run(TestRunner.java:580)
at org.testng.SuiteRunner.runTest(SuiteRunner.java:384)
at org.testng.SuiteRunner.runSequentially(SuiteRunner.java:378)
at org.testng.SuiteRunner.privateRun(SuiteRunner.java:337)
at org.testng.SuiteRunner.run(SuiteRunner.java:286)
at org.testng.SuiteRunnerWorker.runSuite(SuiteRunnerWorker.java:53)
at org.testng.SuiteRunnerWorker.run(SuiteRunnerWorker.java:96)
at org.testng.TestNG.runSuitesSequentially(TestNG.java:1187)
at org.testng.TestNG.runSuitesLocally(TestNG.java:1109)
at org.testng.TestNG.runSuites(TestNG.java:1039)
at org.testng.TestNG.run(TestNG.java:1007)
at org.apache.maven.surefire.testng.TestNGExecutor.run(TestNGExecutor.java:135)
at org.apache.maven.surefire.testng.TestNGDirectoryTestSuite.executeMulti(TestNGDirectoryTestSuite.java:193)
at org.apache.maven.surefire.testng.TestNGDirectoryTestSuite.execute(TestNGDirectoryTestSuite.java:94)
at org.apache.maven.surefire.testng.TestNGProvider.invoke(TestNGProvider.java:146)
at org.apache.maven.surefire.booter.ForkedBooter.invokeProviderInSameClassLoader(ForkedBooter.java:384)
at org.apache.maven.surefire.booter.ForkedBooter.runSuitesInProcess(ForkedBooter.java:345)
at org.apache.maven.surefire.booter.ForkedBooter.execute(ForkedBooter.java:126)
at org.apache.maven.surefire.booter.ForkedBooter.main(ForkedBooter.java:418)
Caused by: com.microsoft.playwright.impl.DriverException: Error {
  message='WebSocket error: connect ETIMEDOUT 172.18.0.4:4444
=========================== logs ===========================
<selenium> connecting to http://localhost:4444/wd/hub/
<selenium> connected to sessionId=9593e75164ef018c97db45b7edab4a64
<selenium> using selenium v4
<selenium> retrieved endpoint ws://172.18.0.4:4444/session/9593e75164ef018c97db45b7edab4a64/se/cdp for sessionId=9593e75164ef018c97db45b7edab4a64
<ws connecting> ws://172.18.0.4:4444/session/9593e75164ef018c97db45b7edab4a64/se/cdp
<ws error> ws://172.18.0.4:4444/session/9593e75164ef018c97db45b7edab4a64/se/cdp error connect ETIMEDOUT 172.18.0.4:4444
<ws connect error> ws://172.18.0.4:4444/session/9593e75164ef018c97db45b7edab4a64/se/cdp connect ETIMEDOUT 172.18.0.4:4444
<ws disconnected> ws://172.18.0.4:4444/session/9593e75164ef018c97db45b7edab4a64/se/cdp code=1006 reason=
<selenium> disconnecting from sessionId=9593e75164ef018c97db45b7edab4a64
<selenium> disconnected from sessionId=9593e75164ef018c97db45b7edab4a64
============================================================
  name='Error
  stack='Error: WebSocket error: connect ETIMEDOUT 172.18.0.4:4444
=========================== logs ===========================
<selenium> connecting to http://localhost:4444/wd/hub/
<selenium> connected to sessionId=9593e75164ef018c97db45b7edab4a64
<selenium> using selenium v4
<selenium> retrieved endpoint ws://172.18.0.4:4444/session/9593e75164ef018c97db45b7edab4a64/se/cdp for sessionId=9593e75164ef018c97db45b7edab4a64
<ws connecting> ws://172.18.0.4:4444/session/9593e75164ef018c97db45b7edab4a64/se/cdp
<ws error> ws://172.18.0.4:4444/session/9593e75164ef018c97db45b7edab4a64/se/cdp error connect ETIMEDOUT 172.18.0.4:4444
<ws connect error> ws://172.18.0.4:4444/session/9593e75164ef018c97db45b7edab4a64/se/cdp connect ETIMEDOUT 172.18.0.4:4444
<ws disconnected> ws://172.18.0.4:4444/session/9593e75164ef018c97db45b7edab4a64/se/cdp code=1006 reason=
<selenium> disconnecting from sessionId=9593e75164ef018c97db45b7edab4a64
<selenium> disconnected from sessionId=9593e75164ef018c97db45b7edab4a64
============================================================
    at X.<anonymous> (/private/var/folders/gv/ppgr0g4x6hx2c7pcm5h47wv00000gn/T/playwright-java-17828338146902925820/package/lib/server/transport.js:43:16)
    at X.emit (node:events:525:35)
    at io (/private/var/folders/gv/ppgr0g4x6hx2c7pcm5h47wv00000gn/T/playwright-java-17828338146902925820/package/lib/utilsBundleImpl.js:37:36211)
    at ClientRequest.<anonymous> (/private/var/folders/gv/ppgr0g4x6hx2c7pcm5h47wv00000gn/T/playwright-java-17828338146902925820/package/lib/utilsBundleImpl.js:37:34667)
    at ClientRequest.emit (node:events:513:28)
    at Socket.socketErrorListener (node:_http_client:502:9)
    at Socket.emit (node:events:513:28)
    at emitErrorNT (node:internal/streams/destroy:151:8)
    at emitErrorCloseNT (node:internal/streams/destroy:116:3)
    at process.processTicksAndRejections (node:internal/process/task_queues:82:21)
}
at com.microsoft.playwright.impl.Connection.dispatch(Connection.java:226)
at com.microsoft.playwright.impl.Connection.processOneMessage(Connection.java:206)
at com.microsoft.playwright.impl.ChannelOwner.runUntil(ChannelOwner.java:109)
... 39 more
]]>
    </error>
  </testcase> <!-- setup -->
  <system-out/>
</testsuite> <!-- testcases.BaseTest -->
