<?xml version="1.0" encoding="UTF-8"?>
<!-- Generated by org.testng.reporters.JUnitXMLReporter -->
<testsuite ignored="0" hostname="Pritis-MacBook-Pro.local" failures="0" tests="4" name="Verify num of products" time="3.699" errors="0" timestamp="2025-07-18T23:22:29 IST">
  <testcase classname="testcases.HomePageTest" name="homePageTitle" time="0.025"/>
  <testcase classname="testcases.HomePageTest" name="homePageURL" time="0.001"/>
  <testcase classname="testcases.LoginPageTest" name="loginPageNavigationTest" time="0.36"/>
  <testcase classname="testcases.LoginPageTest" name="verifyNumofProducts" time="0.01"/>
</testsuite> <!-- Verify num of products -->
